<!DOCTYPE html>
<html>
	<head>
        <meta http-equiv="content-type" content="text/html; charset=UTF-8" />
		<title>Unnamed project Test Execution Report</title>
        <script type="text/javascript" src="http://code.jquery.com/jquery-1.6.2.min.js"></script>
        <script type="text/javascript">
            /**
            * jQuery.fn.sortElements
            * --------------
            * #author James Padolsey (http://james.padolsey.com)
            * #version 0.11
            * #updated 18-MAR-2010
            * #url https://raw.github.com/jamespadolsey/jQuery-Plugins/master/sortElements/jquery.sortElements.js
            * --------------
            * #param Function comparator:
            *   Exactly the same behaviour as [1,2,3].sort(comparator)
            *   
            * #param Function getSortable
            *   A function that should return the element that is
            *   to be sorted. The comparator will run on the
            *   current collection, but you may want the actual
            *   resulting sort to occur on a parent or another
            *   associated element.
            *   
            *   E.g. $('td').sortElements(comparator, function(){
            *      return this.parentNode; 
            *   })
            *   
            *   The <td>'s parent (<tr>) will be sorted instead
            *   of the <td> itself.
            */
            jQuery.fn.sortElements = (function () {

                var sort = [].sort;

                return function (comparator, getSortable) {

                    getSortable = getSortable || function () { return this; };

                    var placements = this.map(function () {

                        var sortElement = getSortable.call(this),
                parentNode = sortElement.parentNode,

                        // Since the element itself will change position, we have
                        // to have some way of storing it's original position in
                        // the DOM. The easiest way is to have a 'flag' node:
                nextSibling = parentNode.insertBefore(
                    document.createTextNode(''),
                    sortElement.nextSibling
                );

                        return function () {

                            if (parentNode === this) {
                                throw new Error(
                        "You can't sort elements if any one is a descendant of another."
                    );
                            }

                            // Insert before flag:
                            parentNode.insertBefore(this, nextSibling);
                            // Remove flag:
                            parentNode.removeChild(nextSibling);

                        };

                    });

                    return sort.call(this, comparator).each(function (i) {
                        placements[i].call(getSortable.call(this));
                    });

                };

            })();
        </script>
        <script type="text/javascript">
            jQuery.fn.setBarSizes = (function () {
                return function (metricName, maxBarSize, min) {
                    var max = Math.max.apply(Math, $.makeArray($(this).map(function () { return Number($(this).attr('data-sr-' + metricName)); })));
                    var scale = 1.0;
                    while (max > 0.0 && max <= 10.0) {
                        scale = scale * 10.0;
                        max = max * 10.0;
                    }
                    max = (Math.ceil(max / 2) * 2) / scale;

                    this.each(function () {
                        var barAnchor = $(this).find('a');
                        var actual = $(this).attr('data-sr-' + metricName);
                        var newHeight = Math.max(Math.round(maxBarSize * (actual - min) / (max - min)), 2);
                        barAnchor.css({ height: newHeight });
                    });

                    var unit = "";
                    if (metricName.substr(metricName.length - 4, 4) === "time")
                        unit = "s";

                    $('#testview .scale-min-label').each(function () {
                        $(this).text(min.toString() + unit);
                    });
                    $('#testview .scale-max-label').each(function () {
                        $(this).text(max.toString() + unit);
                    });
                    var mid = max / 2;
                    $('#testview .scale-mid-label').each(function () {
                        $(this).text(mid.toString() + unit);
                    });
                };
            })();

            function getComparer(metricName, isDesc) {
                return function (a, b) {
                    var aNumber = Number($(a).attr('data-sr-' + metricName));
                    var bNumber = Number($(b).attr('data-sr-' + metricName));
                    var result = aNumber > bNumber ? 1 : (aNumber < bNumber ? -1 : 0);
                    if (isDesc)
                        result = -1 * result;

                    if (result == 0 && metricName != "order")
                        result = getComparer("order", false)(a, b);

                    return result;
                };
            }

            var currentSort = "";
            function doSort(allowToggleDesc) {
                var newSort = $("input[name='barSortOrder']:checked").val();
                if (allowToggleDesc && currentSort == newSort) {
                    $('#barSortDesc').click();
                    doSort(false);
                    return;
                }
                currentSort = newSort;
                $('#testview td.testview-item').sortElements(getComparer(newSort, $('#barSortDesc').is(':checked')));
            }


            function doSetHeights(allowSort) {
                var selectedMetric = $("input[name='barHeight']:checked").val();
                $('#testview td.testview-item').setBarSizes(selectedMetric, 60, 0.0);

                if (allowSort && currentSort != selectedMetric) {
                    var $radios = $("input[name='barSortOrder']");
                    $radios.filter('[value=' + selectedMetric + ']').attr('checked', true);
                    $("#barSortDesc").attr("checked", [true]);
                    doSort(false);
                }
            }

            $(document).ready(function () {
                $("input[name='barSortOrder']").click(function () { doSort(true); return true; });
                $("input[name='barSortDesc']").change(function () { doSort(false); });
                $("input[name='barHeight']").change(function () { doSetHeights(true); });

                doSort(false);
                doSetHeights(false);

                $("div.scrollable").css({ 'overflow': 'auto' });
            });
        </script>

        <style type="text/css">
            body 
            {
                color: #000000;
                font-family: Arial,Liberation Sans,DejaVu Sans,sans-serif;
                line-height: 130%;
            }
            h1 {
                font-family: Trebuchet MS,Liberation Sans,DejaVu Sans,sans-serif;
                font-size: 170%;
                font-weight: bold;
            }            
            h2 {
                font-family: Trebuchet MS,Liberation Sans,DejaVu Sans,sans-serif;
                font-size: 130%;
                font-weight: bold;
                margin-bottom: 5px;
            }            
            h3 {
                font-family: Trebuchet MS,Liberation Sans,DejaVu Sans,sans-serif;
                font-size: 120%;
                font-weight: bold;
                margin-bottom: 5px;
            }            
            a.bar
            {
                text-decoration: none;
                display: block;
                line-height: 1px;
            }
            .description
            {
                font-style: italic;
            }
            .log 
            {
                width: 600px;
                white-space: pre-wrap;
                display: block;
                margin: 0px;
            }
            .errorMessage 
            {
                width: 600px;
                color: Red;
                font-weight: bold;
            }
            .stackTrace 
            {
                width: 600px;
                white-space: pre-wrap;
                font-style: italic;
                color: Red;
                display: block;
            }
            table.testEvents
            {
                border: solid 1px #e8eef4;
                border-collapse: collapse;
            }
            table.testEvents td
            {
                vertical-align: top;
                padding: 5px;
                border: solid 1px #e8eef4;
            }
            table.testEvents th
            {
                padding: 6px 5px;
                text-align: left;
                background-color: #e8eef4;
                border: solid 1px #e8eef4;                
            }
            .comment
            {
                font-style: italic;
                font-size: smaller;
            }
            .startupBar
            {
                background-color: #EEEEEE;
                cursor: default;
            }
            
            .colorSucceeded
            {
                background-color: #90ED7B;
            }
            .colorIgnored
            {
                background-color: #FFFF85;
            }
            .colorPending
            {
                background-color: #D47BED;
            }
            .colorNothingToRun
            {
                background-color: #CCCCFF;
            }
            .colorSkipped
            {
                background-color: #CCCCFF;
            }
            .colorInconclusive
            {
                background-color: #7BEDED;
            }
            .colorCleanupFailed
            {
                background-color: #FFCCCC;
            }
            .colorRandomlyFailed
            {
                background-color: #EDB07B;
            }
            .colorFailed
            {
                background-color: #ED5F5F;
            }
            .colorInitializationFailed
            {
                background-color: #FF0000;
            }
            .colorFrameworkError
            {
                background-color: #FF0000;
            }
            ul.subNodeLinks
            {
                padding-left: 20px;
                margin: 0px;
            }
            ul.subNodeLinks li
            {
                list-style: none;
            }
            
            /* views general */
            div.scrollable
            {
                /*overflow: auto; - thsi has to be set from js, because of an IE9 bug */
            }
            div.viewbox
            {
                position: relative;
                border: 3px solid #e8eef4;
            }
            div.viewbox table
            {
                border: 0px;
            }
                        
            /* testview */
            #testview
            {
                padding-top: 23px;
            }
            
            table.testview-items td
            {
                vertical-align: bottom;
                padding: 0px 1px 0px 1px;
            }
            td.right-padding, td.left-padding
            {
                width: 25px;
                min-width: 25px;
            }
            table.testview-items a.bar
            {
                width: 5px;
            }
            table.testview-items tr.testview-items-row
            {
                height: 60px;
            }
            
            /* scale */
            table.vertical-scale 
            {
                position: absolute;
                top: 23px;
                left: 0px;
                width: 100%;
                z-index: -100;
            }
            table.vertical-scale td, tr.horizontal-scale td
            {
                font-size: 60%;
                line-height: normal;
            }
            table.vertical-scale tr.scale-max, table.vertical-scale tr.scale-mid 
            {
                height: 30px;
            }
            tr.horizontal-scale, table.vertical-scale tr.scale-min 
            {
                height: 12px;
            }
            
            td.scale-max-label, td.scale-mid-label, td.scale-min-label
            {
                border-top: solid 1px #E6E6E6;
                text-align: left;
                vertical-align: top;
            }
            td.scale-10-label
            {
                border-left: solid 1px #E6E6E6;
                text-align: left;
                vertical-align: bottom;
                padding-left: 1px;
            }
            tr.scale-mid td, tr.scale-min td, tr.scale-max td
            {
                border-top: solid 1px #E6E6E6;
            }
           
            
            /* bar-control */
            #bar-control
            {
                font-size: 60%;
                line-height: normal;
                position: absolute;
                right: 0px;
                top: 0px;
            }
            #bar-control label
            {
                font-weight: bold;
                vertical-align: middle;
            }
            #bar-control .option
            {
                vertical-align: middle;
                text-transform: lowercase;
            }
            #bar-control input[type="checkbox"]
            {
                padding: 0 2px 0 3px;
            }
            #bar-control input
            {
                vertical-align: top;
                height: 12px;
                margin: 0px;
                padding: 0px;
            }
            #bar-control div
            {
                float: right;
                margin: 3px 5px 3px 5px;
            }

            /* timeline view */
            #timelineview
            {
                padding-top: 5px;
            }
            table.timelineview a
            {
                height: 20px;
            }
            table.timelineview td
            {
                vertical-align: bottom;
                padding: 0px 1px 0px 0px;
                border: 0px;
            }
            tr.thread-items-row
            {
                height: 25px;
            }
            tr.thread-items-row td
            {
                vertical-align: bottom;
            }
            td.thread-label
            {
                padding: 0px 6px 0px 6px;
                text-align: right;
                line-height: 18px;
                vertical-align: bottom;
            }
            th.thread-label
            {
                padding: 3px 6px 0px 6px;
                line-height: 18px;
                text-align: left;
                vertical-align: bottom;
            }
        </style>
	</head>
	<body>
        <h1>Unnamed project Test Execution Report</h1>
        
    <ul>
        <li>Project: Unnamed project</li>
        <li>Configuration: </li>
        <li>Test Assemblies: C:\Users\Olcay\OneDrive\Masa&#252;st&#252;\sa\Functional.Testing\bin\Debug\net5.0\Functional.Testing.dll</li>
        <li>Start Time: 3.01.2022 23:57:14</li>
        <li>Duration: 00:00:07.8814566</li>
        <li>Test Threads: 1</li>
    </ul>


        <h2>Result: 2 failed</h2>
        <table class="testEvents">
                <tr>
        <th colspan="2">Success rate</th>
        <th>Tests</th>
        <th>Succeeded</th>
        <th>Failed</th>
        <th>Pending</th>
        <th>Ignored</th>
        <th>Skipped</th>
    </tr>

                <td>
            94%
    </td>
    <td>
            <table class="timelineview" cellpadding="0" cellspacing="0">
        <tr>
    <td>
        <a class="bar colorSucceeded" 
           style="width: 186px;" 
           title="30 succeeded" 
                   ></a>
    </td>
    <td>
        <a class="bar colorFailed" 
           style="width: 12px;" 
           title="2 failed" 
                          href="#error_summary"
        ></a>
    </td>
        </tr>
    </table>

    </td>
    <td>32 (test executions: 36)</td>
    <td>30</td>
    <td>2</td>
    <td>0</td>
    <td>0</td>
    <td>0</td>

        </table>
        
        <h2>Test Timeline Summary</h2>

        <div id="timelineview" class="viewbox">
            <div class="scrollable">
                <table cellpadding="0" cellspacing="0">
                    <tr>
                        <th class="thread-label" colspan="2">thread</th>
                    </tr>
                        <tr class="thread-items-row">
                            <td class="thread-label" title="Machine: DESKTOP-J4RUBB3">#0</td>
                            <td colspan="4">
                                <table class="timelineview" cellpadding="0" cellspacing="0">
                                    <tr>

                                            <td>
        <a
            class="bar startupBar" 
            style="width: 3px;" 
                title="test thread startup" 
        >&nbsp;</a>
    </td>

    <td>
        <a
            class="bar colorSucceeded" 
            style="width: 66px;" 
                title="Index Function Test (in Customer)" 
                href="#t-386819888.0"
        >&nbsp;</a>
    </td>
    <td>
        <a
            class="bar colorSucceeded" 
            style="width: 30px;" 
                title="Customer detail has (in Customer)" 
                href="#t-445703679.0"
        >&nbsp;</a>
    </td>
    <td>
        <a
            class="bar colorSucceeded" 
            style="width: 3px;" 
                title="Index Function Test (in Employees)" 
                href="#t883898551.0"
        >&nbsp;</a>
    </td>
    <td>
        <a
            class="bar colorSucceeded" 
            style="width: 3px;" 
                title="Employees detail has (in Employees)" 
                href="#t1398560021.0"
        >&nbsp;</a>
    </td>
    <td>
        <a
            class="bar colorFailed" 
            style="width: 9px;" 
                title="Employee Create (in Employees)" 
                href="#t-318021181.0"
        >&nbsp;</a>
    </td>
    <td>
        <a
            class="bar colorFailed" 
            style="width: 5px;" 
                title="Employee Create (in Employees) retry #1" 
                href="#t-318021181.1"
        >&nbsp;</a>
    </td>
    <td>
        <a
            class="bar colorFailed" 
            style="width: 5px;" 
                title="Employee Create (in Employees) retry #2" 
                href="#t-318021181.2"
        >&nbsp;</a>
    </td>
    <td>
        <a
            class="bar colorSucceeded" 
            style="width: 7px;" 
                title="Employee Edit (in Employees)" 
                href="#t1645810675.0"
        >&nbsp;</a>
    </td>
    <td>
        <a
            class="bar colorSucceeded" 
            style="width: 3px;" 
                title="Employee Exist (in Employees)" 
                href="#t-1409212692.0"
        >&nbsp;</a>
    </td>
    <td>
        <a
            class="bar colorSucceeded" 
            style="width: 3px;" 
                title="Login (in Login)" 
                href="#t481569884.0"
        >&nbsp;</a>
    </td>
    <td>
        <a
            class="bar colorSucceeded" 
            style="width: 3px;" 
                title="Wrong login (in Login)" 
                href="#t-2005340631.0"
        >&nbsp;</a>
    </td>
    <td>
        <a
            class="bar colorSucceeded" 
            style="width: 3px;" 
                title="Register (in Login)" 
                href="#t-493378366.0"
        >&nbsp;</a>
    </td>
    <td>
        <a
            class="bar colorSucceeded" 
            style="width: 3px;" 
                title="Index Function Test (in Product Purchase)" 
                href="#t-1311679686.0"
        >&nbsp;</a>
    </td>
    <td>
        <a
            class="bar colorSucceeded" 
            style="width: 3px;" 
                title="Product detail has (in Product Purchase)" 
                href="#t-996846590.0"
        >&nbsp;</a>
    </td>
    <td>
        <a
            class="bar colorSucceeded" 
            style="width: 3px;" 
                title="Index Function Test (in Products Sales)" 
                href="#t-1441532196.0"
        >&nbsp;</a>
    </td>
    <td>
        <a
            class="bar colorSucceeded" 
            style="width: 3px;" 
                title="Products Sales detail has (in Products Sales)" 
                href="#t1415071081.0"
        >&nbsp;</a>
    </td>
    <td>
        <a
            class="bar colorSucceeded" 
            style="width: 3px;" 
                title="Index Function Test (in Product)" 
                href="#t-1516554019.0"
        >&nbsp;</a>
    </td>
    <td>
        <a
            class="bar colorSucceeded" 
            style="width: 3px;" 
                title="Products detail has (in Product)" 
                href="#t-1090972520.0"
        >&nbsp;</a>
    </td>
    <td>
        <a
            class="bar colorSucceeded" 
            style="width: 3px;" 
                title="Product Create (in Product)" 
                href="#t484619440.0"
        >&nbsp;</a>
    </td>
    <td>
        <a
            class="bar colorSucceeded" 
            style="width: 4px;" 
                title="Product Edit (in Product)" 
                href="#t-1433947264.0"
        >&nbsp;</a>
    </td>
    <td>
        <a
            class="bar colorSucceeded" 
            style="width: 7px;" 
                title="Product Delete (in Product)" 
                href="#t-1360338585.0"
        >&nbsp;</a>
    </td>
    <td>
        <a
            class="bar colorSucceeded" 
            style="width: 3px;" 
                title="Product Exist (in Product)" 
                href="#t-1517790467.0"
        >&nbsp;</a>
    </td>
    <td>
        <a
            class="bar colorSucceeded" 
            style="width: 3px;" 
                title="Index Function Test (in Product Transaction)" 
                href="#t-1238715247.0"
        >&nbsp;</a>
    </td>
    <td>
        <a
            class="bar colorSucceeded" 
            style="width: 3px;" 
                title="Product detail has (in Product Transaction)" 
                href="#t-1016153175.0"
        >&nbsp;</a>
    </td>
    <td>
        <a
            class="bar colorSucceeded" 
            style="width: 3px;" 
                title="Index Function Test (in Profit)" 
                href="#t777899514.0"
        >&nbsp;</a>
    </td>
    <td>
        <a
            class="bar colorSucceeded" 
            style="width: 3px;" 
                title="Profit detail has (in Profit)" 
                href="#t458449089.0"
        >&nbsp;</a>
    </td>
    <td>
        <a
            class="bar colorSucceeded" 
            style="width: 3px;" 
                title="Profit Create (in Profit)" 
                href="#t-1832785944.0"
        >&nbsp;</a>
    </td>
    <td>
        <a
            class="bar colorSucceeded" 
            style="width: 3px;" 
                title="Profit Edit (in Profit)" 
                href="#t-1886539520.0"
        >&nbsp;</a>
    </td>
    <td>
        <a
            class="bar colorSucceeded" 
            style="width: 3px;" 
                title="Profit Delete (in Profit)" 
                href="#t704931235.0"
        >&nbsp;</a>
    </td>
    <td>
        <a
            class="bar colorSucceeded" 
            style="width: 3px;" 
                title="Profit Exist (in Profit)" 
                href="#t190066905.0"
        >&nbsp;</a>
    </td>
    <td>
        <a
            class="bar colorSucceeded" 
            style="width: 3px;" 
                title="Index Function Test (in Sales Territories)" 
                href="#t-855746870.0"
        >&nbsp;</a>
    </td>
    <td>
        <a
            class="bar colorSucceeded" 
            style="width: 3px;" 
                title="Sales Territories detail has (in Sales Territories)" 
                href="#t-1990192823.0"
        >&nbsp;</a>
    </td>
    <td>
        <a
            class="bar colorSucceeded" 
            style="width: 3px;" 
                title="Index Function Test (in WareHause)" 
                href="#t1474285825.0"
        >&nbsp;</a>
    </td>
    <td>
        <a
            class="bar colorFailed" 
            style="width: 3px;" 
                title="WareHause Create (in WareHause)" 
                href="#t332962952.0"
        >&nbsp;</a>
    </td>
    <td>
        <a
            class="bar colorFailed" 
            style="width: 3px;" 
                title="WareHause Create (in WareHause) retry #1" 
                href="#t332962952.1"
        >&nbsp;</a>
    </td>
    <td>
        <a
            class="bar colorFailed" 
            style="width: 3px;" 
                title="WareHause Create (in WareHause) retry #2" 
                href="#t332962952.2"
        >&nbsp;</a>
    </td>
                                    </tr>
                                </table>
                            </td>
                        </tr>
                    <tr class="horizontal-scale">
                        <td>&nbsp;</td>
                            <td class="scale-10-label" style="width: 64px;min-width: 64px;">0s</td>
                            <td class="scale-10-label" style="width: 64px;min-width: 64px;">2s</td>
                            <td class="scale-10-label" style="width: 64px;min-width: 64px;">4s</td>
                        <td class="scale-10-label">6s</td>
                    </tr>
                </table>
            </div>
        </div>

        
    <h2>Test Result View</h2>
    <div id="testview" class="viewbox">
        <div id="bar-control">
            <div id="bar-control-sort">
                <label>sort by:</label>
                <span class="option"><input type="radio" name="barSortOrder" value="exectime" />Time</span>
                <span class="option"><input type="radio" name="barSortOrder" value="acttime" />Act Time</span>
                <span class="option"><input type="radio" name="barSortOrder" value="order" />Execution</span>
                <span class="option"><input type="radio" name="barSortOrder" value="rescode" checked="checked" />Result</span>
                <span class="option"><input type="checkbox" name="barSortDesc" id="barSortDesc" checked="checked" />desc</span>
            </div>
            <div id="bar-control-heights">
                <label>heights:</label>
                <span class="option"><input type="radio" checked="checked" name="barHeight" value="exectime" />Time</span>
                <span class="option"><input type="radio" name="barHeight" value="acttime" />Act Time</span>
            </div>
        </div>
        <table class="vertical-scale" cellpadding="0" cellspacing="0">
            <tr class="scale-max">
                <td class="left-padding scale-max-label">&nbsp;</td>
                <td colspan="36">&nbsp;</td>
                <td class="right-padding">&nbsp;</td>
            </tr>
            <tr class="scale-mid">
                <td class="left-padding scale-mid-label">&nbsp;</td>
                <td colspan="36">&nbsp;</td>
                <td class="right-padding">&nbsp;</td>
            </tr>
            <tr class="scale-min">
                <td class="left-padding scale-min-label">&nbsp;</td>
                <td colspan="36">&nbsp;</td>
                <td class="right-padding">&nbsp;</td>
            </tr>
        </table>
        <div class="scrollable">
            <table class="testview-items" cellpadding="0" cellspacing="0">
                <tr class="testview-items-row">
                    <td class="left-padding">&nbsp;</td>
    <td class="testview-item" 
        data-sr-exectime="1.1629379" data-sr-rescode="110" data-sr-order="0" data-sr-acttime="0.0">
        <a
            class="bar colorSucceeded" 
            style="height: 60px;"
            title="Index Function Test (in Customer)"
            href="#t-386819888.0">&nbsp;</a>
    </td>
    <td class="testview-item" 
        data-sr-exectime="0.9868032" data-sr-rescode="110" data-sr-order="1" data-sr-acttime="0.978">
        <a
            class="bar colorSucceeded" 
            style="height: 51px;"
            title="Customer detail has (in Customer)"
            href="#t-445703679.0">&nbsp;</a>
    </td>
    <td class="testview-item" 
        data-sr-exectime="0.0131835" data-sr-rescode="110" data-sr-order="2" data-sr-acttime="0.0">
        <a
            class="bar colorSucceeded" 
            style="height: 2px;"
            title="Index Function Test (in Employees)"
            href="#t883898551.0">&nbsp;</a>
    </td>
    <td class="testview-item" 
        data-sr-exectime="0.1959158" data-sr-rescode="110" data-sr-order="3" data-sr-acttime="0.185">
        <a
            class="bar colorSucceeded" 
            style="height: 10px;"
            title="Employees detail has (in Employees)"
            href="#t1398560021.0">&nbsp;</a>
    </td>
    <td class="testview-item" 
        data-sr-exectime="0.2661846" data-sr-rescode="110" data-sr-order="7" data-sr-acttime="0.05">
        <a
            class="bar colorSucceeded" 
            style="height: 14px;"
            title="Employee Edit (in Employees)"
            href="#t1645810675.0">&nbsp;</a>
    </td>
    <td class="testview-item" 
        data-sr-exectime="0.0528644" data-sr-rescode="110" data-sr-order="8" data-sr-acttime="0.049">
        <a
            class="bar colorSucceeded" 
            style="height: 3px;"
            title="Employee Exist (in Employees)"
            href="#t-1409212692.0">&nbsp;</a>
    </td>
    <td class="testview-item" 
        data-sr-exectime="0.0662271" data-sr-rescode="110" data-sr-order="9" data-sr-acttime="0.058">
        <a
            class="bar colorSucceeded" 
            style="height: 3px;"
            title="Login (in Login)"
            href="#t481569884.0">&nbsp;</a>
    </td>
    <td class="testview-item" 
        data-sr-exectime="0.0514572" data-sr-rescode="110" data-sr-order="10" data-sr-acttime="0.047">
        <a
            class="bar colorSucceeded" 
            style="height: 3px;"
            title="Wrong login (in Login)"
            href="#t-2005340631.0">&nbsp;</a>
    </td>
    <td class="testview-item" 
        data-sr-exectime="0.2185088" data-sr-rescode="110" data-sr-order="11" data-sr-acttime="0.055">
        <a
            class="bar colorSucceeded" 
            style="height: 11px;"
            title="Register (in Login)"
            href="#t-493378366.0">&nbsp;</a>
    </td>
    <td class="testview-item" 
        data-sr-exectime="0.0072289" data-sr-rescode="110" data-sr-order="12" data-sr-acttime="0.0">
        <a
            class="bar colorSucceeded" 
            style="height: 2px;"
            title="Index Function Test (in Product Purchase)"
            href="#t-1311679686.0">&nbsp;</a>
    </td>
    <td class="testview-item" 
        data-sr-exectime="0.074289" data-sr-rescode="110" data-sr-order="13" data-sr-acttime="0.068">
        <a
            class="bar colorSucceeded" 
            style="height: 4px;"
            title="Product detail has (in Product Purchase)"
            href="#t-996846590.0">&nbsp;</a>
    </td>
    <td class="testview-item" 
        data-sr-exectime="0.0073644" data-sr-rescode="110" data-sr-order="14" data-sr-acttime="0.0">
        <a
            class="bar colorSucceeded" 
            style="height: 2px;"
            title="Index Function Test (in Products Sales)"
            href="#t-1441532196.0">&nbsp;</a>
    </td>
    <td class="testview-item" 
        data-sr-exectime="0.0724295" data-sr-rescode="110" data-sr-order="15" data-sr-acttime="0.065">
        <a
            class="bar colorSucceeded" 
            style="height: 4px;"
            title="Products Sales detail has (in Products Sales)"
            href="#t1415071081.0">&nbsp;</a>
    </td>
    <td class="testview-item" 
        data-sr-exectime="0.3830591" data-sr-rescode="110" data-sr-order="16" data-sr-acttime="0.0">
        <a
            class="bar colorSucceeded" 
            style="height: 20px;"
            title="Index Function Test (in Product)"
            href="#t-1516554019.0">&nbsp;</a>
    </td>
    <td class="testview-item" 
        data-sr-exectime="0.0548842" data-sr-rescode="110" data-sr-order="17" data-sr-acttime="0.05">
        <a
            class="bar colorSucceeded" 
            style="height: 3px;"
            title="Products detail has (in Product)"
            href="#t-1090972520.0">&nbsp;</a>
    </td>
    <td class="testview-item" 
        data-sr-exectime="0.2839172" data-sr-rescode="110" data-sr-order="18" data-sr-acttime="0.002">
        <a
            class="bar colorSucceeded" 
            style="height: 15px;"
            title="Product Create (in Product)"
            href="#t484619440.0">&nbsp;</a>
    </td>
    <td class="testview-item" 
        data-sr-exectime="0.2519553" data-sr-rescode="110" data-sr-order="19" data-sr-acttime="0.05">
        <a
            class="bar colorSucceeded" 
            style="height: 13px;"
            title="Product Edit (in Product)"
            href="#t-1433947264.0">&nbsp;</a>
    </td>
    <td class="testview-item" 
        data-sr-exectime="0.2459136" data-sr-rescode="110" data-sr-order="20" data-sr-acttime="0.05">
        <a
            class="bar colorSucceeded" 
            style="height: 13px;"
            title="Product Delete (in Product)"
            href="#t-1360338585.0">&nbsp;</a>
    </td>
    <td class="testview-item" 
        data-sr-exectime="0.0561344" data-sr-rescode="110" data-sr-order="21" data-sr-acttime="0.002">
        <a
            class="bar colorSucceeded" 
            style="height: 3px;"
            title="Product Exist (in Product)"
            href="#t-1517790467.0">&nbsp;</a>
    </td>
    <td class="testview-item" 
        data-sr-exectime="0.0082344" data-sr-rescode="110" data-sr-order="22" data-sr-acttime="0.0">
        <a
            class="bar colorSucceeded" 
            style="height: 2px;"
            title="Index Function Test (in Product Transaction)"
            href="#t-1238715247.0">&nbsp;</a>
    </td>
    <td class="testview-item" 
        data-sr-exectime="0.0878732" data-sr-rescode="110" data-sr-order="23" data-sr-acttime="0.081">
        <a
            class="bar colorSucceeded" 
            style="height: 5px;"
            title="Product detail has (in Product Transaction)"
            href="#t-1016153175.0">&nbsp;</a>
    </td>
    <td class="testview-item" 
        data-sr-exectime="0.0072533" data-sr-rescode="110" data-sr-order="24" data-sr-acttime="0.0">
        <a
            class="bar colorSucceeded" 
            style="height: 2px;"
            title="Index Function Test (in Profit)"
            href="#t777899514.0">&nbsp;</a>
    </td>
    <td class="testview-item" 
        data-sr-exectime="0.0524684" data-sr-rescode="110" data-sr-order="25" data-sr-acttime="0.047">
        <a
            class="bar colorSucceeded" 
            style="height: 3px;"
            title="Profit detail has (in Profit)"
            href="#t458449089.0">&nbsp;</a>
    </td>
    <td class="testview-item" 
        data-sr-exectime="0.2573943" data-sr-rescode="110" data-sr-order="26" data-sr-acttime="0.048">
        <a
            class="bar colorSucceeded" 
            style="height: 13px;"
            title="Profit Create (in Profit)"
            href="#t-1832785944.0">&nbsp;</a>
    </td>
    <td class="testview-item" 
        data-sr-exectime="0.2455896" data-sr-rescode="110" data-sr-order="27" data-sr-acttime="0.048">
        <a
            class="bar colorSucceeded" 
            style="height: 13px;"
            title="Profit Edit (in Profit)"
            href="#t-1886539520.0">&nbsp;</a>
    </td>
    <td class="testview-item" 
        data-sr-exectime="0.2547596" data-sr-rescode="110" data-sr-order="28" data-sr-acttime="0.055">
        <a
            class="bar colorSucceeded" 
            style="height: 13px;"
            title="Profit Delete (in Profit)"
            href="#t704931235.0">&nbsp;</a>
    </td>
    <td class="testview-item" 
        data-sr-exectime="0.0532964" data-sr-rescode="110" data-sr-order="29" data-sr-acttime="0.047">
        <a
            class="bar colorSucceeded" 
            style="height: 3px;"
            title="Profit Exist (in Profit)"
            href="#t190066905.0">&nbsp;</a>
    </td>
    <td class="testview-item" 
        data-sr-exectime="0.0059115" data-sr-rescode="110" data-sr-order="30" data-sr-acttime="0.0">
        <a
            class="bar colorSucceeded" 
            style="height: 2px;"
            title="Index Function Test (in Sales Territories)"
            href="#t-855746870.0">&nbsp;</a>
    </td>
    <td class="testview-item" 
        data-sr-exectime="0.0730556" data-sr-rescode="110" data-sr-order="31" data-sr-acttime="0.067">
        <a
            class="bar colorSucceeded" 
            style="height: 4px;"
            title="Sales Territories detail has (in Sales Territories)"
            href="#t-1990192823.0">&nbsp;</a>
    </td>
    <td class="testview-item" 
        data-sr-exectime="0.0057964" data-sr-rescode="110" data-sr-order="32" data-sr-acttime="0.0">
        <a
            class="bar colorSucceeded" 
            style="height: 2px;"
            title="Index Function Test (in WareHause)"
            href="#t1474285825.0">&nbsp;</a>
    </td>
    <td class="testview-item" 
        data-sr-exectime="0.3346502" data-sr-rescode="540" data-sr-order="4" data-sr-acttime="0.004">
        <a
            class="bar colorFailed" 
            style="height: 17px;"
            title="Employee Create (in Employees)"
            href="#t-318021181.0">&nbsp;</a>
    </td>
    <td class="testview-item" 
        data-sr-exectime="0.1908428" data-sr-rescode="540" data-sr-order="5" data-sr-acttime="0.001">
        <a
            class="bar colorFailed" 
            style="height: 10px;"
            title="Employee Create (in Employees) retry #1"
            href="#t-318021181.1">&nbsp;</a>
    </td>
    <td class="testview-item" 
        data-sr-exectime="0.1886528" data-sr-rescode="540" data-sr-order="6" data-sr-acttime="0.001">
        <a
            class="bar colorFailed" 
            style="height: 10px;"
            title="Employee Create (in Employees) retry #2"
            href="#t-318021181.2">&nbsp;</a>
    </td>
    <td class="testview-item" 
        data-sr-exectime="0.2087789" data-sr-rescode="540" data-sr-order="33" data-sr-acttime="0.001">
        <a
            class="bar colorFailed" 
            style="height: 11px;"
            title="WareHause Create (in WareHause)"
            href="#t332962952.0">&nbsp;</a>
    </td>
    <td class="testview-item" 
        data-sr-exectime="0.1850826" data-sr-rescode="540" data-sr-order="34" data-sr-acttime="0.001">
        <a
            class="bar colorFailed" 
            style="height: 10px;"
            title="WareHause Create (in WareHause) retry #1"
            href="#t332962952.1">&nbsp;</a>
    </td>
    <td class="testview-item" 
        data-sr-exectime="0.1838341" data-sr-rescode="540" data-sr-order="35" data-sr-acttime="0.001">
        <a
            class="bar colorFailed" 
            style="height: 9px;"
            title="WareHause Create (in WareHause) retry #2"
            href="#t332962952.2">&nbsp;</a>
    </td>
                    <td class="right-padding">&nbsp;</td>
                </tr>
                <tr class="horizontal-scale">
                    <td class="left-padding">&nbsp;</td>
                    <td colspan="10">&nbsp;</td>
                        <td class="scale-10-label" colspan="10">10</td>
                        <td class="scale-10-label" colspan="10">20</td>
                </tr>
            </table>
        </div>
    </div>

        
        
    <h2>Feature Summary</h2>
    <table class="testEvents">
            <tr>
            <th>Feature</th>
        <th colspan="2">Success rate</th>
        <th>Tests</th>
        <th>Succeeded</th>
        <th>Failed</th>
        <th>Pending</th>
        <th>Ignored</th>
        <th>Skipped</th>
            <th>Duration</th>
    </tr>


            <tr>
                <td><a href="#f-990410566">Customer</a></td>
                    <td>
            100%
    </td>
    <td>
            <table class="timelineview" cellpadding="0" cellspacing="0">
        <tr>
    <td>
        <a class="bar colorSucceeded" 
           style="width: 199px;" 
           title="2 succeeded" 
                   ></a>
    </td>
        </tr>
    </table>

    </td>
    <td>2</td>
    <td>2</td>
    <td>0</td>
    <td>0</td>
    <td>0</td>
    <td>0</td>
        <td>00:00:02.1497411</td>

            </tr>
            <tr>
                <td><a href="#f413739229">Employees</a></td>
                    <td>
            57%
    </td>
    <td>
            <table class="timelineview" cellpadding="0" cellspacing="0">
        <tr>
    <td>
        <a class="bar colorSucceeded" 
           style="width: 159px;" 
           title="4 succeeded" 
                   ></a>
    </td>
    <td>
        <a class="bar colorFailed" 
           style="width: 119px;" 
           title="1 failed" 
                          href="#error_summary"
        ></a>
    </td>
        </tr>
    </table>

    </td>
    <td>5 (test executions: 7)</td>
    <td>4</td>
    <td>3</td>
    <td>0</td>
    <td>0</td>
    <td>0</td>
        <td>00:00:01.2422941</td>

            </tr>
            <tr>
                <td><a href="#f-471353325">Login</a></td>
                    <td>
            100%
    </td>
    <td>
            <table class="timelineview" cellpadding="0" cellspacing="0">
        <tr>
    <td>
        <a class="bar colorSucceeded" 
           style="width: 199px;" 
           title="3 succeeded" 
                   ></a>
    </td>
        </tr>
    </table>

    </td>
    <td>3</td>
    <td>3</td>
    <td>0</td>
    <td>0</td>
    <td>0</td>
    <td>0</td>
        <td>00:00:00.3361931</td>

            </tr>
            <tr>
                <td><a href="#f-1986189129">Product</a></td>
                    <td>
            100%
    </td>
    <td>
            <table class="timelineview" cellpadding="0" cellspacing="0">
        <tr>
    <td>
        <a class="bar colorSucceeded" 
           style="width: 199px;" 
           title="6 succeeded" 
                   ></a>
    </td>
        </tr>
    </table>

    </td>
    <td>6</td>
    <td>6</td>
    <td>0</td>
    <td>0</td>
    <td>0</td>
    <td>0</td>
        <td>00:00:01.2758638</td>

            </tr>
            <tr>
                <td><a href="#f-1646834864">Product Purchase</a></td>
                    <td>
            100%
    </td>
    <td>
            <table class="timelineview" cellpadding="0" cellspacing="0">
        <tr>
    <td>
        <a class="bar colorSucceeded" 
           style="width: 199px;" 
           title="2 succeeded" 
                   ></a>
    </td>
        </tr>
    </table>

    </td>
    <td>2</td>
    <td>2</td>
    <td>0</td>
    <td>0</td>
    <td>0</td>
    <td>0</td>
        <td>00:00:00.0815179</td>

            </tr>
            <tr>
                <td><a href="#f-1708350213">Product Transaction</a></td>
                    <td>
            100%
    </td>
    <td>
            <table class="timelineview" cellpadding="0" cellspacing="0">
        <tr>
    <td>
        <a class="bar colorSucceeded" 
           style="width: 199px;" 
           title="2 succeeded" 
                   ></a>
    </td>
        </tr>
    </table>

    </td>
    <td>2</td>
    <td>2</td>
    <td>0</td>
    <td>0</td>
    <td>0</td>
    <td>0</td>
        <td>00:00:00.0961076</td>

            </tr>
            <tr>
                <td><a href="#f-2045385034">Products Sales</a></td>
                    <td>
            100%
    </td>
    <td>
            <table class="timelineview" cellpadding="0" cellspacing="0">
        <tr>
    <td>
        <a class="bar colorSucceeded" 
           style="width: 199px;" 
           title="2 succeeded" 
                   ></a>
    </td>
        </tr>
    </table>

    </td>
    <td>2</td>
    <td>2</td>
    <td>0</td>
    <td>0</td>
    <td>0</td>
    <td>0</td>
        <td>00:00:00.0797939</td>

            </tr>
            <tr>
                <td><a href="#f39574928">Profit</a></td>
                    <td>
            100%
    </td>
    <td>
            <table class="timelineview" cellpadding="0" cellspacing="0">
        <tr>
    <td>
        <a class="bar colorSucceeded" 
           style="width: 199px;" 
           title="6 succeeded" 
                   ></a>
    </td>
        </tr>
    </table>

    </td>
    <td>6</td>
    <td>6</td>
    <td>0</td>
    <td>0</td>
    <td>0</td>
    <td>0</td>
        <td>00:00:00.8707616</td>

            </tr>
            <tr>
                <td><a href="#f-520599904">Sales Territories</a></td>
                    <td>
            100%
    </td>
    <td>
            <table class="timelineview" cellpadding="0" cellspacing="0">
        <tr>
    <td>
        <a class="bar colorSucceeded" 
           style="width: 199px;" 
           title="2 succeeded" 
                   ></a>
    </td>
        </tr>
    </table>

    </td>
    <td>2</td>
    <td>2</td>
    <td>0</td>
    <td>0</td>
    <td>0</td>
    <td>0</td>
        <td>00:00:00.0789671</td>

            </tr>
            <tr>
                <td><a href="#f2077868395">WareHause</a></td>
                    <td>
            25%
    </td>
    <td>
            <table class="timelineview" cellpadding="0" cellspacing="0">
        <tr>
    <td>
        <a class="bar colorSucceeded" 
           style="width: 99px;" 
           title="1 succeeded" 
                   ></a>
    </td>
    <td>
        <a class="bar colorFailed" 
           style="width: 299px;" 
           title="1 failed" 
                          href="#error_summary"
        ></a>
    </td>
        </tr>
    </table>

    </td>
    <td>2 (test executions: 4)</td>
    <td>1</td>
    <td>3</td>
    <td>0</td>
    <td>0</td>
    <td>0</td>
        <td>00:00:00.5834920</td>

            </tr>
    </table>


        <a name="error_summary" />
        <h2>Error Summary</h2>
        <table class="testEvents">
                <tr>
            <th>Test</th>
        <th colspan="2">Success rate</th>
        <th>Tests</th>
        <th>Succeeded</th>
        <th>Failed</th>
        <th>Pending</th>
        <th>Ignored</th>
        <th>Skipped</th>
    </tr>

                <tr>
                    <td>
                        <a href="#t-318021181.0">Employee Create (in Functional.Testing, Employees)</a>
                            <a href="#t-318021181.1">retry #1</a>
                            <a href="#t-318021181.2">retry #2</a>
                    </td>
                        <td>
            0%
    </td>
    <td>
            <table class="timelineview" cellpadding="0" cellspacing="0">
        <tr>
    <td>
        <a class="bar colorFailed" 
           style="width: 599px;" 
           title="1 failed" 
                          href="#error_summary"
        ></a>
    </td>
        </tr>
    </table>

    </td>
    <td>1 (test executions: 3)</td>
    <td>0</td>
    <td>3</td>
    <td>0</td>
    <td>0</td>
    <td>0</td>

                </tr>
                <tr>
                    <td colspan="9" style="padding-left: 20px;"><div class="errorMessage">Error: An error occurred while updating the entries. See the inner exception for details. -&gt; Violation of PRIMARY KEY constraint &#39;PK_Employee_BusinessEntityID&#39;. Cannot insert duplicate key in object &#39;HumanResources.Employee&#39;. The duplicate key value is (4996).
The statement has been terminated.</div></td>
                </tr>
                <tr>
                    <td>
                        <a href="#t332962952.0">WareHause Create (in Functional.Testing, WareHause)</a>
                            <a href="#t332962952.1">retry #1</a>
                            <a href="#t332962952.2">retry #2</a>
                    </td>
                        <td>
            0%
    </td>
    <td>
            <table class="timelineview" cellpadding="0" cellspacing="0">
        <tr>
    <td>
        <a class="bar colorFailed" 
           style="width: 599px;" 
           title="1 failed" 
                          href="#error_summary"
        ></a>
    </td>
        </tr>
    </table>

    </td>
    <td>1 (test executions: 3)</td>
    <td>0</td>
    <td>3</td>
    <td>0</td>
    <td>0</td>
    <td>0</td>

                </tr>
                <tr>
                    <td colspan="9" style="padding-left: 20px;"><div class="errorMessage">Error: An error occurred while updating the entries. See the inner exception for details. -&gt; Violation of PRIMARY KEY constraint &#39;PK_ProductInventory_ProductID_LocationID&#39;. Cannot insert duplicate key in object &#39;Production.ProductInventory&#39;. The duplicate key value is (512, 1).
The statement has been terminated.</div></td>
                </tr>
        </table>

        <h2>Scenario Summary</h2>
            <a name="f-990410566" />
            <h3>Feature: Customer</h3>
                <div class="description"><pre>	Check if coming data true</pre>
                </div>
            <table class="testEvents">
                    <tr>
            <th>Test</th>
        <th colspan="2">Success rate</th>
        <th>Tests</th>
        <th>Succeeded</th>
        <th>Failed</th>
        <th>Pending</th>
        <th>Ignored</th>
        <th>Skipped</th>
            <th>Duration</th>
    </tr>

                    <tr>
                        <td>
                                    <a href="#t-386819888.0">Scenario: Index Function Test</a>

                        </td>
                        
                            <td>
            100%
    </td>
    <td>
            <table class="timelineview" cellpadding="0" cellspacing="0">
        <tr>
    <td>
        <a class="bar colorSucceeded" 
           style="width: 199px;" 
           title="1 succeeded" 
                   ></a>
    </td>
        </tr>
    </table>

    </td>
    <td>1</td>
    <td>1</td>
    <td>0</td>
    <td>0</td>
    <td>0</td>
    <td>0</td>
        <td>00:00:01.1629379</td>

                        
                    </tr>
                    <tr>
                        <td>
                                    <a href="#t-445703679.0">Scenario: Customer detail has</a>

                        </td>
                        
                            <td>
            100%
    </td>
    <td>
            <table class="timelineview" cellpadding="0" cellspacing="0">
        <tr>
    <td>
        <a class="bar colorSucceeded" 
           style="width: 199px;" 
           title="1 succeeded" 
                   ></a>
    </td>
        </tr>
    </table>

    </td>
    <td>1</td>
    <td>1</td>
    <td>0</td>
    <td>0</td>
    <td>0</td>
    <td>0</td>
        <td>00:00:00.9868032</td>

                        
                    </tr>
            </table>
            <a name="f413739229" />
            <h3>Feature: Employees</h3>
                <div class="description"><pre>	Check if coming data true</pre>
                </div>
            <table class="testEvents">
                    <tr>
            <th>Test</th>
        <th colspan="2">Success rate</th>
        <th>Tests</th>
        <th>Succeeded</th>
        <th>Failed</th>
        <th>Pending</th>
        <th>Ignored</th>
        <th>Skipped</th>
            <th>Duration</th>
    </tr>

                    <tr>
                        <td>
                                    <a href="#t883898551.0">Scenario: Index Function Test</a>

                        </td>
                        
                            <td>
            100%
    </td>
    <td>
            <table class="timelineview" cellpadding="0" cellspacing="0">
        <tr>
    <td>
        <a class="bar colorSucceeded" 
           style="width: 199px;" 
           title="1 succeeded" 
                   ></a>
    </td>
        </tr>
    </table>

    </td>
    <td>1</td>
    <td>1</td>
    <td>0</td>
    <td>0</td>
    <td>0</td>
    <td>0</td>
        <td>00:00:00.0131835</td>

                        
                    </tr>
                    <tr>
                        <td>
                                    <a href="#t1398560021.0">Scenario: Employees detail has</a>

                        </td>
                        
                            <td>
            100%
    </td>
    <td>
            <table class="timelineview" cellpadding="0" cellspacing="0">
        <tr>
    <td>
        <a class="bar colorSucceeded" 
           style="width: 199px;" 
           title="1 succeeded" 
                   ></a>
    </td>
        </tr>
    </table>

    </td>
    <td>1</td>
    <td>1</td>
    <td>0</td>
    <td>0</td>
    <td>0</td>
    <td>0</td>
        <td>00:00:00.1959158</td>

                        
                    </tr>
                    <tr>
                        <td>
                                    <a href="#t-318021181.0">Scenario: Employee Create</a>
            <a href="#t-318021181.1">retry #1</a>
            <a href="#t-318021181.2">retry #2</a>

                        </td>
                        
                            <td>
            0%
    </td>
    <td>
            <table class="timelineview" cellpadding="0" cellspacing="0">
        <tr>
    <td>
        <a class="bar colorFailed" 
           style="width: 599px;" 
           title="1 failed" 
                          href="#error_summary"
        ></a>
    </td>
        </tr>
    </table>

    </td>
    <td>1 (test executions: 3)</td>
    <td>0</td>
    <td>3</td>
    <td>0</td>
    <td>0</td>
    <td>0</td>
        <td>00:00:00.7141458</td>

                        
                    </tr>
                    <tr>
                        <td>
                                    <a href="#t1645810675.0">Scenario: Employee Edit</a>

                        </td>
                        
                            <td>
            100%
    </td>
    <td>
            <table class="timelineview" cellpadding="0" cellspacing="0">
        <tr>
    <td>
        <a class="bar colorSucceeded" 
           style="width: 199px;" 
           title="1 succeeded" 
                   ></a>
    </td>
        </tr>
    </table>

    </td>
    <td>1</td>
    <td>1</td>
    <td>0</td>
    <td>0</td>
    <td>0</td>
    <td>0</td>
        <td>00:00:00.2661846</td>

                        
                    </tr>
                    <tr>
                        <td>
                                    <a href="#t-1409212692.0">Scenario: Employee Exist</a>

                        </td>
                        
                            <td>
            100%
    </td>
    <td>
            <table class="timelineview" cellpadding="0" cellspacing="0">
        <tr>
    <td>
        <a class="bar colorSucceeded" 
           style="width: 199px;" 
           title="1 succeeded" 
                   ></a>
    </td>
        </tr>
    </table>

    </td>
    <td>1</td>
    <td>1</td>
    <td>0</td>
    <td>0</td>
    <td>0</td>
    <td>0</td>
        <td>00:00:00.0528644</td>

                        
                    </tr>
            </table>
            <a name="f-471353325" />
            <h3>Feature: Login</h3>
                <div class="description"><pre>	Check username and password</pre>
                </div>
            <table class="testEvents">
                    <tr>
            <th>Test</th>
        <th colspan="2">Success rate</th>
        <th>Tests</th>
        <th>Succeeded</th>
        <th>Failed</th>
        <th>Pending</th>
        <th>Ignored</th>
        <th>Skipped</th>
            <th>Duration</th>
    </tr>

                    <tr>
                        <td>
                                    <a href="#t481569884.0">Scenario: Login</a>

                        </td>
                        
                            <td>
            100%
    </td>
    <td>
            <table class="timelineview" cellpadding="0" cellspacing="0">
        <tr>
    <td>
        <a class="bar colorSucceeded" 
           style="width: 199px;" 
           title="1 succeeded" 
                   ></a>
    </td>
        </tr>
    </table>

    </td>
    <td>1</td>
    <td>1</td>
    <td>0</td>
    <td>0</td>
    <td>0</td>
    <td>0</td>
        <td>00:00:00.0662271</td>

                        
                    </tr>
                    <tr>
                        <td>
                                    <a href="#t-2005340631.0">Scenario: Wrong login</a>

                        </td>
                        
                            <td>
            100%
    </td>
    <td>
            <table class="timelineview" cellpadding="0" cellspacing="0">
        <tr>
    <td>
        <a class="bar colorSucceeded" 
           style="width: 199px;" 
           title="1 succeeded" 
                   ></a>
    </td>
        </tr>
    </table>

    </td>
    <td>1</td>
    <td>1</td>
    <td>0</td>
    <td>0</td>
    <td>0</td>
    <td>0</td>
        <td>00:00:00.0514572</td>

                        
                    </tr>
                    <tr>
                        <td>
                                    <a href="#t-493378366.0">Scenario: Register</a>

                        </td>
                        
                            <td>
            100%
    </td>
    <td>
            <table class="timelineview" cellpadding="0" cellspacing="0">
        <tr>
    <td>
        <a class="bar colorSucceeded" 
           style="width: 199px;" 
           title="1 succeeded" 
                   ></a>
    </td>
        </tr>
    </table>

    </td>
    <td>1</td>
    <td>1</td>
    <td>0</td>
    <td>0</td>
    <td>0</td>
    <td>0</td>
        <td>00:00:00.2185088</td>

                        
                    </tr>
            </table>
            <a name="f-1986189129" />
            <h3>Feature: Product</h3>
                <div class="description"><pre>	Check if coming data true</pre>
                </div>
            <table class="testEvents">
                    <tr>
            <th>Test</th>
        <th colspan="2">Success rate</th>
        <th>Tests</th>
        <th>Succeeded</th>
        <th>Failed</th>
        <th>Pending</th>
        <th>Ignored</th>
        <th>Skipped</th>
            <th>Duration</th>
    </tr>

                    <tr>
                        <td>
                                    <a href="#t-1516554019.0">Scenario: Index Function Test</a>

                        </td>
                        
                            <td>
            100%
    </td>
    <td>
            <table class="timelineview" cellpadding="0" cellspacing="0">
        <tr>
    <td>
        <a class="bar colorSucceeded" 
           style="width: 199px;" 
           title="1 succeeded" 
                   ></a>
    </td>
        </tr>
    </table>

    </td>
    <td>1</td>
    <td>1</td>
    <td>0</td>
    <td>0</td>
    <td>0</td>
    <td>0</td>
        <td>00:00:00.3830591</td>

                        
                    </tr>
                    <tr>
                        <td>
                                    <a href="#t-1090972520.0">Scenario: Products detail has</a>

                        </td>
                        
                            <td>
            100%
    </td>
    <td>
            <table class="timelineview" cellpadding="0" cellspacing="0">
        <tr>
    <td>
        <a class="bar colorSucceeded" 
           style="width: 199px;" 
           title="1 succeeded" 
                   ></a>
    </td>
        </tr>
    </table>

    </td>
    <td>1</td>
    <td>1</td>
    <td>0</td>
    <td>0</td>
    <td>0</td>
    <td>0</td>
        <td>00:00:00.0548842</td>

                        
                    </tr>
                    <tr>
                        <td>
                                    <a href="#t484619440.0">Scenario: Product Create</a>

                        </td>
                        
                            <td>
            100%
    </td>
    <td>
            <table class="timelineview" cellpadding="0" cellspacing="0">
        <tr>
    <td>
        <a class="bar colorSucceeded" 
           style="width: 199px;" 
           title="1 succeeded" 
                   ></a>
    </td>
        </tr>
    </table>

    </td>
    <td>1</td>
    <td>1</td>
    <td>0</td>
    <td>0</td>
    <td>0</td>
    <td>0</td>
        <td>00:00:00.2839172</td>

                        
                    </tr>
                    <tr>
                        <td>
                                    <a href="#t-1433947264.0">Scenario: Product Edit</a>

                        </td>
                        
                            <td>
            100%
    </td>
    <td>
            <table class="timelineview" cellpadding="0" cellspacing="0">
        <tr>
    <td>
        <a class="bar colorSucceeded" 
           style="width: 199px;" 
           title="1 succeeded" 
                   ></a>
    </td>
        </tr>
    </table>

    </td>
    <td>1</td>
    <td>1</td>
    <td>0</td>
    <td>0</td>
    <td>0</td>
    <td>0</td>
        <td>00:00:00.2519553</td>

                        
                    </tr>
                    <tr>
                        <td>
                                    <a href="#t-1360338585.0">Scenario: Product Delete</a>

                        </td>
                        
                            <td>
            100%
    </td>
    <td>
            <table class="timelineview" cellpadding="0" cellspacing="0">
        <tr>
    <td>
        <a class="bar colorSucceeded" 
           style="width: 199px;" 
           title="1 succeeded" 
                   ></a>
    </td>
        </tr>
    </table>

    </td>
    <td>1</td>
    <td>1</td>
    <td>0</td>
    <td>0</td>
    <td>0</td>
    <td>0</td>
        <td>00:00:00.2459136</td>

                        
                    </tr>
                    <tr>
                        <td>
                                    <a href="#t-1517790467.0">Scenario: Product Exist</a>

                        </td>
                        
                            <td>
            100%
    </td>
    <td>
            <table class="timelineview" cellpadding="0" cellspacing="0">
        <tr>
    <td>
        <a class="bar colorSucceeded" 
           style="width: 199px;" 
           title="1 succeeded" 
                   ></a>
    </td>
        </tr>
    </table>

    </td>
    <td>1</td>
    <td>1</td>
    <td>0</td>
    <td>0</td>
    <td>0</td>
    <td>0</td>
        <td>00:00:00.0561344</td>

                        
                    </tr>
            </table>
            <a name="f-1646834864" />
            <h3>Feature: Product Purchase</h3>
                <div class="description"><pre>	Check if coming data true</pre>
                </div>
            <table class="testEvents">
                    <tr>
            <th>Test</th>
        <th colspan="2">Success rate</th>
        <th>Tests</th>
        <th>Succeeded</th>
        <th>Failed</th>
        <th>Pending</th>
        <th>Ignored</th>
        <th>Skipped</th>
            <th>Duration</th>
    </tr>

                    <tr>
                        <td>
                                    <a href="#t-1311679686.0">Scenario: Index Function Test</a>

                        </td>
                        
                            <td>
            100%
    </td>
    <td>
            <table class="timelineview" cellpadding="0" cellspacing="0">
        <tr>
    <td>
        <a class="bar colorSucceeded" 
           style="width: 199px;" 
           title="1 succeeded" 
                   ></a>
    </td>
        </tr>
    </table>

    </td>
    <td>1</td>
    <td>1</td>
    <td>0</td>
    <td>0</td>
    <td>0</td>
    <td>0</td>
        <td>00:00:00.0072289</td>

                        
                    </tr>
                    <tr>
                        <td>
                                    <a href="#t-996846590.0">Scenario: Product detail has</a>

                        </td>
                        
                            <td>
            100%
    </td>
    <td>
            <table class="timelineview" cellpadding="0" cellspacing="0">
        <tr>
    <td>
        <a class="bar colorSucceeded" 
           style="width: 199px;" 
           title="1 succeeded" 
                   ></a>
    </td>
        </tr>
    </table>

    </td>
    <td>1</td>
    <td>1</td>
    <td>0</td>
    <td>0</td>
    <td>0</td>
    <td>0</td>
        <td>00:00:00.0742890</td>

                        
                    </tr>
            </table>
            <a name="f-1708350213" />
            <h3>Feature: Product Transaction</h3>
                <div class="description"><pre>	Check if coming data true</pre>
                </div>
            <table class="testEvents">
                    <tr>
            <th>Test</th>
        <th colspan="2">Success rate</th>
        <th>Tests</th>
        <th>Succeeded</th>
        <th>Failed</th>
        <th>Pending</th>
        <th>Ignored</th>
        <th>Skipped</th>
            <th>Duration</th>
    </tr>

                    <tr>
                        <td>
                                    <a href="#t-1238715247.0">Scenario: Index Function Test</a>

                        </td>
                        
                            <td>
            100%
    </td>
    <td>
            <table class="timelineview" cellpadding="0" cellspacing="0">
        <tr>
    <td>
        <a class="bar colorSucceeded" 
           style="width: 199px;" 
           title="1 succeeded" 
                   ></a>
    </td>
        </tr>
    </table>

    </td>
    <td>1</td>
    <td>1</td>
    <td>0</td>
    <td>0</td>
    <td>0</td>
    <td>0</td>
        <td>00:00:00.0082344</td>

                        
                    </tr>
                    <tr>
                        <td>
                                    <a href="#t-1016153175.0">Scenario: Product detail has</a>

                        </td>
                        
                            <td>
            100%
    </td>
    <td>
            <table class="timelineview" cellpadding="0" cellspacing="0">
        <tr>
    <td>
        <a class="bar colorSucceeded" 
           style="width: 199px;" 
           title="1 succeeded" 
                   ></a>
    </td>
        </tr>
    </table>

    </td>
    <td>1</td>
    <td>1</td>
    <td>0</td>
    <td>0</td>
    <td>0</td>
    <td>0</td>
        <td>00:00:00.0878732</td>

                        
                    </tr>
            </table>
            <a name="f-2045385034" />
            <h3>Feature: Products Sales</h3>
                <div class="description"><pre>	Check if coming data true</pre>
                </div>
            <table class="testEvents">
                    <tr>
            <th>Test</th>
        <th colspan="2">Success rate</th>
        <th>Tests</th>
        <th>Succeeded</th>
        <th>Failed</th>
        <th>Pending</th>
        <th>Ignored</th>
        <th>Skipped</th>
            <th>Duration</th>
    </tr>

                    <tr>
                        <td>
                                    <a href="#t-1441532196.0">Scenario: Index Function Test</a>

                        </td>
                        
                            <td>
            100%
    </td>
    <td>
            <table class="timelineview" cellpadding="0" cellspacing="0">
        <tr>
    <td>
        <a class="bar colorSucceeded" 
           style="width: 199px;" 
           title="1 succeeded" 
                   ></a>
    </td>
        </tr>
    </table>

    </td>
    <td>1</td>
    <td>1</td>
    <td>0</td>
    <td>0</td>
    <td>0</td>
    <td>0</td>
        <td>00:00:00.0073644</td>

                        
                    </tr>
                    <tr>
                        <td>
                                    <a href="#t1415071081.0">Scenario: Products Sales detail has</a>

                        </td>
                        
                            <td>
            100%
    </td>
    <td>
            <table class="timelineview" cellpadding="0" cellspacing="0">
        <tr>
    <td>
        <a class="bar colorSucceeded" 
           style="width: 199px;" 
           title="1 succeeded" 
                   ></a>
    </td>
        </tr>
    </table>

    </td>
    <td>1</td>
    <td>1</td>
    <td>0</td>
    <td>0</td>
    <td>0</td>
    <td>0</td>
        <td>00:00:00.0724295</td>

                        
                    </tr>
            </table>
            <a name="f39574928" />
            <h3>Feature: Profit</h3>
                <div class="description"><pre>	Check if coming data true</pre>
                </div>
            <table class="testEvents">
                    <tr>
            <th>Test</th>
        <th colspan="2">Success rate</th>
        <th>Tests</th>
        <th>Succeeded</th>
        <th>Failed</th>
        <th>Pending</th>
        <th>Ignored</th>
        <th>Skipped</th>
            <th>Duration</th>
    </tr>

                    <tr>
                        <td>
                                    <a href="#t777899514.0">Scenario: Index Function Test</a>

                        </td>
                        
                            <td>
            100%
    </td>
    <td>
            <table class="timelineview" cellpadding="0" cellspacing="0">
        <tr>
    <td>
        <a class="bar colorSucceeded" 
           style="width: 199px;" 
           title="1 succeeded" 
                   ></a>
    </td>
        </tr>
    </table>

    </td>
    <td>1</td>
    <td>1</td>
    <td>0</td>
    <td>0</td>
    <td>0</td>
    <td>0</td>
        <td>00:00:00.0072533</td>

                        
                    </tr>
                    <tr>
                        <td>
                                    <a href="#t458449089.0">Scenario: Profit detail has</a>

                        </td>
                        
                            <td>
            100%
    </td>
    <td>
            <table class="timelineview" cellpadding="0" cellspacing="0">
        <tr>
    <td>
        <a class="bar colorSucceeded" 
           style="width: 199px;" 
           title="1 succeeded" 
                   ></a>
    </td>
        </tr>
    </table>

    </td>
    <td>1</td>
    <td>1</td>
    <td>0</td>
    <td>0</td>
    <td>0</td>
    <td>0</td>
        <td>00:00:00.0524684</td>

                        
                    </tr>
                    <tr>
                        <td>
                                    <a href="#t-1832785944.0">Scenario: Profit Create</a>

                        </td>
                        
                            <td>
            100%
    </td>
    <td>
            <table class="timelineview" cellpadding="0" cellspacing="0">
        <tr>
    <td>
        <a class="bar colorSucceeded" 
           style="width: 199px;" 
           title="1 succeeded" 
                   ></a>
    </td>
        </tr>
    </table>

    </td>
    <td>1</td>
    <td>1</td>
    <td>0</td>
    <td>0</td>
    <td>0</td>
    <td>0</td>
        <td>00:00:00.2573943</td>

                        
                    </tr>
                    <tr>
                        <td>
                                    <a href="#t-1886539520.0">Scenario: Profit Edit</a>

                        </td>
                        
                            <td>
            100%
    </td>
    <td>
            <table class="timelineview" cellpadding="0" cellspacing="0">
        <tr>
    <td>
        <a class="bar colorSucceeded" 
           style="width: 199px;" 
           title="1 succeeded" 
                   ></a>
    </td>
        </tr>
    </table>

    </td>
    <td>1</td>
    <td>1</td>
    <td>0</td>
    <td>0</td>
    <td>0</td>
    <td>0</td>
        <td>00:00:00.2455896</td>

                        
                    </tr>
                    <tr>
                        <td>
                                    <a href="#t704931235.0">Scenario: Profit Delete</a>

                        </td>
                        
                            <td>
            100%
    </td>
    <td>
            <table class="timelineview" cellpadding="0" cellspacing="0">
        <tr>
    <td>
        <a class="bar colorSucceeded" 
           style="width: 199px;" 
           title="1 succeeded" 
                   ></a>
    </td>
        </tr>
    </table>

    </td>
    <td>1</td>
    <td>1</td>
    <td>0</td>
    <td>0</td>
    <td>0</td>
    <td>0</td>
        <td>00:00:00.2547596</td>

                        
                    </tr>
                    <tr>
                        <td>
                                    <a href="#t190066905.0">Scenario: Profit Exist</a>

                        </td>
                        
                            <td>
            100%
    </td>
    <td>
            <table class="timelineview" cellpadding="0" cellspacing="0">
        <tr>
    <td>
        <a class="bar colorSucceeded" 
           style="width: 199px;" 
           title="1 succeeded" 
                   ></a>
    </td>
        </tr>
    </table>

    </td>
    <td>1</td>
    <td>1</td>
    <td>0</td>
    <td>0</td>
    <td>0</td>
    <td>0</td>
        <td>00:00:00.0532964</td>

                        
                    </tr>
            </table>
            <a name="f-520599904" />
            <h3>Feature: Sales Territories</h3>
                <div class="description"><pre>	Check if coming data true</pre>
                </div>
            <table class="testEvents">
                    <tr>
            <th>Test</th>
        <th colspan="2">Success rate</th>
        <th>Tests</th>
        <th>Succeeded</th>
        <th>Failed</th>
        <th>Pending</th>
        <th>Ignored</th>
        <th>Skipped</th>
            <th>Duration</th>
    </tr>

                    <tr>
                        <td>
                                    <a href="#t-855746870.0">Scenario: Index Function Test</a>

                        </td>
                        
                            <td>
            100%
    </td>
    <td>
            <table class="timelineview" cellpadding="0" cellspacing="0">
        <tr>
    <td>
        <a class="bar colorSucceeded" 
           style="width: 199px;" 
           title="1 succeeded" 
                   ></a>
    </td>
        </tr>
    </table>

    </td>
    <td>1</td>
    <td>1</td>
    <td>0</td>
    <td>0</td>
    <td>0</td>
    <td>0</td>
        <td>00:00:00.0059115</td>

                        
                    </tr>
                    <tr>
                        <td>
                                    <a href="#t-1990192823.0">Scenario: Sales Territories detail has</a>

                        </td>
                        
                            <td>
            100%
    </td>
    <td>
            <table class="timelineview" cellpadding="0" cellspacing="0">
        <tr>
    <td>
        <a class="bar colorSucceeded" 
           style="width: 199px;" 
           title="1 succeeded" 
                   ></a>
    </td>
        </tr>
    </table>

    </td>
    <td>1</td>
    <td>1</td>
    <td>0</td>
    <td>0</td>
    <td>0</td>
    <td>0</td>
        <td>00:00:00.0730556</td>

                        
                    </tr>
            </table>
            <a name="f2077868395" />
            <h3>Feature: WareHause</h3>
                <div class="description"><pre>	Check if coming data true</pre>
                </div>
            <table class="testEvents">
                    <tr>
            <th>Test</th>
        <th colspan="2">Success rate</th>
        <th>Tests</th>
        <th>Succeeded</th>
        <th>Failed</th>
        <th>Pending</th>
        <th>Ignored</th>
        <th>Skipped</th>
            <th>Duration</th>
    </tr>

                    <tr>
                        <td>
                                    <a href="#t1474285825.0">Scenario: Index Function Test</a>

                        </td>
                        
                            <td>
            100%
    </td>
    <td>
            <table class="timelineview" cellpadding="0" cellspacing="0">
        <tr>
    <td>
        <a class="bar colorSucceeded" 
           style="width: 199px;" 
           title="1 succeeded" 
                   ></a>
    </td>
        </tr>
    </table>

    </td>
    <td>1</td>
    <td>1</td>
    <td>0</td>
    <td>0</td>
    <td>0</td>
    <td>0</td>
        <td>00:00:00.0057964</td>

                        
                    </tr>
                    <tr>
                        <td>
                                    <a href="#t332962952.0">Scenario: WareHause Create</a>
            <a href="#t332962952.1">retry #1</a>
            <a href="#t332962952.2">retry #2</a>

                        </td>
                        
                            <td>
            0%
    </td>
    <td>
            <table class="timelineview" cellpadding="0" cellspacing="0">
        <tr>
    <td>
        <a class="bar colorFailed" 
           style="width: 599px;" 
           title="1 failed" 
                          href="#error_summary"
        ></a>
    </td>
        </tr>
    </table>

    </td>
    <td>1 (test executions: 3)</td>
    <td>0</td>
    <td>3</td>
    <td>0</td>
    <td>0</td>
    <td>0</td>
        <td>00:00:00.5776956</td>

                        
                    </tr>
            </table>

        <h2>Execution Details</h2>
            <a name="t-386819888.0" />
            <h3>Scenario: Index Function Test (in Functional.Testing, Customer)</h3>
            <ul>
                <li>Status: Succeeded</li>
                <li>Start time: 3.01.2022 23:57:15</li>
                <li>Execution time (sec): 1,1629379</li>
                <li>Thread: #0</li>
            </ul>
            <table class="testEvents">
                <tr>
                    <th>Steps</th>
                    <th>Trace</th>
                    <th>Result</th>
                </tr>
                    <tr>
                        <td>
                            <pre class="log">Given Customer have Person,Store and Territory</pre>
                        </td>
                        <td>
                            <!-- [TestArrange: Scenario - Index Function Test] -->
                            <pre class="log">done: CustomerSteps.GivenCustomerHavePersonStoreAndTerritory() (1,1s)</pre>
                        </td>
                        <td>Succeeded in 1.102s</td>
                    </tr>
                    <tr>
                        <td>
                            <pre class="log">Then the Customer result should be true</pre>
                        </td>
                        <td>
                            <!-- [TestAssert: Scenario - Index Function Test] -->
                            <pre class="log">done: CustomerSteps.ThenTheCustomerResultShouldBeTrue(True) (0,0s)</pre>
                        </td>
                        <td>Succeeded in 0.015s</td>
                    </tr>
            </table>
            <a name="t-445703679.0" />
            <h3>Scenario: Customer detail has (in Functional.Testing, Customer)</h3>
            <ul>
                <li>Status: Succeeded</li>
                <li>Start time: 3.01.2022 23:57:17</li>
                <li>Execution time (sec): 0,9868032</li>
                <li>Thread: #0</li>
            </ul>
            <table class="testEvents">
                <tr>
                    <th>Steps</th>
                    <th>Trace</th>
                    <th>Result</th>
                </tr>
                    <tr>
                        <td>
                            <pre class="log">Given Customer Id is 2</pre>
                        </td>
                        <td>
                            <!-- [TestArrange: Scenario - Customer detail has] -->
                            <pre class="log">done: CustomerSteps.GivenCustomerIds(2) (0,0s)</pre>
                        </td>
                        <td>Succeeded in 0.004s</td>
                    </tr>
                    <tr>
                        <td>
                            <pre class="log">When Find Customer detail</pre>
                        </td>
                        <td>
                            <!-- [TestAct: Scenario - Customer detail has] -->
                            <pre class="log">done: CustomerSteps.WhenFindCustomerDetail() (1,0s)</pre>
                        </td>
                        <td>Succeeded in 0.978s</td>
                    </tr>
                    <tr>
                        <td>
                            <pre class="log">Then the Customer result should be true</pre>
                        </td>
                        <td>
                            <!-- [TestAssert: Scenario - Customer detail has] -->
                            <pre class="log">done: CustomerSteps.ThenTheCustomerResultShouldBeTrue(True) (0,0s)</pre>
                        </td>
                        <td>Succeeded in 0.001s</td>
                    </tr>
            </table>
            <a name="t883898551.0" />
            <h3>Scenario: Index Function Test (in Functional.Testing, Employees)</h3>
            <ul>
                <li>Status: Succeeded</li>
                <li>Start time: 3.01.2022 23:57:18</li>
                <li>Execution time (sec): 0,0131835</li>
                <li>Thread: #0</li>
            </ul>
            <table class="testEvents">
                <tr>
                    <th>Steps</th>
                    <th>Trace</th>
                    <th>Result</th>
                </tr>
                    <tr>
                        <td>
                            <pre class="log">Given Employee have BusinessEntity</pre>
                        </td>
                        <td>
                            <!-- [TestArrange: Scenario - Index Function Test] -->
                            <pre class="log">done: EmployeesSteps.GivenEmployeeHaveBusinessEntity() (0,0s)</pre>
                        </td>
                        <td>Succeeded in 0.009s</td>
                    </tr>
                    <tr>
                        <td>
                            <pre class="log">Then the Employee result should be true</pre>
                        </td>
                        <td>
                            <!-- [TestAssert: Scenario - Index Function Test] -->
                            <pre class="log">done: EmployeesSteps.ThenTheResultShouldBe(True) (0,0s)</pre>
                        </td>
                        <td>Succeeded in 0.002s</td>
                    </tr>
            </table>
            <a name="t1398560021.0" />
            <h3>Scenario: Employees detail has (in Functional.Testing, Employees)</h3>
            <ul>
                <li>Status: Succeeded</li>
                <li>Start time: 3.01.2022 23:57:18</li>
                <li>Execution time (sec): 0,1959158</li>
                <li>Thread: #0</li>
            </ul>
            <table class="testEvents">
                <tr>
                    <th>Steps</th>
                    <th>Trace</th>
                    <th>Result</th>
                </tr>
                    <tr>
                        <td>
                            <pre class="log">Given Employee Id is 2</pre>
                        </td>
                        <td>
                            <!-- [TestArrange: Scenario - Employees detail has] -->
                            <pre class="log">done: EmployeesSteps.GivenEmployeeIdIs(2) (0,0s)</pre>
                        </td>
                        <td>Succeeded in 0.008s</td>
                    </tr>
                    <tr>
                        <td>
                            <pre class="log">When Find Employee detail</pre>
                        </td>
                        <td>
                            <!-- [TestAct: Scenario - Employees detail has] -->
                            <pre class="log">done: EmployeesSteps.Details() (0,2s)</pre>
                        </td>
                        <td>Succeeded in 0.185s</td>
                    </tr>
                    <tr>
                        <td>
                            <pre class="log">Then the Employee result should be true</pre>
                        </td>
                        <td>
                            <!-- [TestAssert: Scenario - Employees detail has] -->
                            <pre class="log">done: EmployeesSteps.ThenTheResultShouldBe(True) (0,0s)</pre>
                        </td>
                        <td>Succeeded in 0.001s</td>
                    </tr>
            </table>
            <a name="t-318021181.0" />
            <h3>Scenario: Employee Create (in Functional.Testing, Employees)</h3>
            <ul>
                <li>Status: Failed</li>
                <li>Start time: 3.01.2022 23:57:18</li>
                <li>Execution time (sec): 0,3346502</li>
                <li>Thread: #0</li>
                <li>Error: An error occurred while updating the entries. See the inner exception for details. -&gt; Violation of PRIMARY KEY constraint &#39;PK_Employee_BusinessEntityID&#39;. Cannot insert duplicate key in object &#39;HumanResources.Employee&#39;. The duplicate key value is (4996).
The statement has been terminated.</li>
            </ul>
            <table class="testEvents">
                <tr>
                    <th>Steps</th>
                    <th>Trace</th>
                    <th>Result</th>
                </tr>
                    <tr>
                        <td>
                            <pre class="log">Given Create Employee</pre>
                        </td>
                        <td>
                            <!-- [TestArrange: Scenario - Employee Create] -->
                            <pre class="log">error: An error occurred while updating the entries. See the inner exception for details. (0,3s)</pre>
                                <div class="errorMessage">An error occurred while updating the entries. See the inner exception for details. -&gt; Violation of PRIMARY KEY constraint 'PK_Employee_BusinessEntityID'. Cannot insert duplicate key in object 'HumanResources.Employee'. The duplicate key value is (4996).
The statement has been terminated.</div>
                                <pre class="stackTrace">Microsoft.EntityFrameworkCore.DbUpdateException: An error occurred while updating the entries. See the inner exception for details.
 ---&gt; Microsoft.Data.SqlClient.SqlException (0x80131904): Violation of PRIMARY KEY constraint 'PK_Employee_BusinessEntityID'. Cannot insert duplicate key in object 'HumanResources.Employee'. The duplicate key value is (4996).
The statement has been terminated.
   at Microsoft.Data.SqlClient.SqlCommand.&lt;&gt;c.&lt;ExecuteDbDataReaderAsync&gt;b__169_0(Task`1 result) in H:\tsaagent1\_work\21\s\src\Microsoft.Data.SqlClient\netcore\src\Microsoft\Data\SqlClient\SqlCommand.cs:line 2310
   at System.Threading.Tasks.ContinuationResultTaskFromResultTask`2.InnerInvoke()
   at System.Threading.Tasks.Task.&lt;&gt;c.&lt;.cctor&gt;b__277_0(Object obj)
   at System.Threading.ExecutionContext.RunInternal(ExecutionContext executionContext, ContextCallback callback, Object state)
--- End of stack trace from previous location ---
   at System.Threading.ExecutionContext.RunInternal(ExecutionContext executionContext, ContextCallback callback, Object state)
   at System.Threading.Tasks.Task.ExecuteWithThreadLocal(Task&amp; currentTaskSlot, Thread threadPoolThread)
--- End of stack trace from previous location ---
   at Microsoft.EntityFrameworkCore.Storage.RelationalCommand.ExecuteReaderAsync(RelationalCommandParameterObject parameterObject, CancellationToken cancellationToken)
   at Microsoft.EntityFrameworkCore.Storage.RelationalCommand.ExecuteReaderAsync(RelationalCommandParameterObject parameterObject, CancellationToken cancellationToken)
   at Microsoft.EntityFrameworkCore.Update.ReaderModificationCommandBatch.ExecuteAsync(IRelationalConnection connection, CancellationToken cancellationToken)
ClientConnectionId:cc7ad0a9-ad9b-4857-82eb-0be774265321
Error Number:2627,State:1,Class:14
   --- End of inner exception stack trace ---
   at Microsoft.EntityFrameworkCore.Update.ReaderModificationCommandBatch.ExecuteAsync(IRelationalConnection connection, CancellationToken cancellationToken)
   at Microsoft.EntityFrameworkCore.Update.Internal.BatchExecutor.ExecuteAsync(IEnumerable`1 commandBatches, IRelationalConnection connection, CancellationToken cancellationToken)
   at Microsoft.EntityFrameworkCore.Update.Internal.BatchExecutor.ExecuteAsync(IEnumerable`1 commandBatches, IRelationalConnection connection, CancellationToken cancellationToken)
   at Microsoft.EntityFrameworkCore.Update.Internal.BatchExecutor.ExecuteAsync(IEnumerable`1 commandBatches, IRelationalConnection connection, CancellationToken cancellationToken)
   at Microsoft.EntityFrameworkCore.ChangeTracking.Internal.StateManager.SaveChangesAsync(IList`1 entriesToSave, CancellationToken cancellationToken)
   at Microsoft.EntityFrameworkCore.ChangeTracking.Internal.StateManager.SaveChangesAsync(DbContext _, Boolean acceptAllChangesOnSuccess, CancellationToken cancellationToken)
   at Microsoft.EntityFrameworkCore.SqlServer.Storage.Internal.SqlServerExecutionStrategy.ExecuteAsync[TState,TResult](TState state, Func`4 operation, Func`4 verifySucceeded, CancellationToken cancellationToken)
   at Microsoft.EntityFrameworkCore.DbContext.SaveChangesAsync(Boolean acceptAllChangesOnSuccess, CancellationToken cancellationToken)
   at Microsoft.EntityFrameworkCore.DbContext.SaveChangesAsync(Boolean acceptAllChangesOnSuccess, CancellationToken cancellationToken)
   at Functional.Testing.Steps.EmployeesSteps.Create() in C:\Users\Olcay\OneDrive\Masa&#252;st&#252;\sa\Functional.Testing\Steps\EmployeesSteps.cs:line 50
   at TechTalk.SpecFlow.Bindings.SynchronousBindingDelegateInvoker.&lt;&gt;c__DisplayClass2_0.&lt;&lt;InvokeBindingDelegateAsync&gt;b__0&gt;d.MoveNext() in D:\a\1\s\TechTalk.SpecFlow\Bindings\SynchronousBindingDelegateInvoker.cs:line 31
--- End of stack trace from previous location ---
   at TechTalk.SpecFlow.Bindings.AsyncHelpers.&lt;&gt;c__DisplayClass1_0`1.&lt;&lt;RunSync&gt;b__0&gt;d.MoveNext() in D:\a\1\s\TechTalk.SpecFlow\Bindings\AsyncHelpers.cs:line 59
--- End of stack trace from previous location ---
   at TechTalk.SpecFlow.Bindings.AsyncHelpers.ExclusiveSynchronizationContext.BeginMessageLoop() in D:\a\1\s\TechTalk.SpecFlow\Bindings\AsyncHelpers.cs:line 125
   at TechTalk.SpecFlow.Bindings.AsyncHelpers.RunSync[T](Func`1 task) in D:\a\1\s\TechTalk.SpecFlow\Bindings\AsyncHelpers.cs:line 71
   at TechTalk.SpecFlow.Bindings.SynchronousBindingDelegateInvoker.InvokeBindingDelegateAsync(Delegate bindingDelegate, Object[] invokeArgs) in D:\a\1\s\TechTalk.SpecFlow\Bindings\SynchronousBindingDelegateInvoker.cs:line 27
   at TechTalk.SpecFlow.Bindings.SynchronousBindingDelegateInvoker.InvokeDelegateSynchronously(Delegate bindingDelegate, Object[] invokeArgs) in D:\a\1\s\TechTalk.SpecFlow\Bindings\SynchronousBindingDelegateInvoker.cs:line 16
   at TechTalk.SpecFlow.Bindings.BindingInvoker.InvokeBinding(IBinding binding, IContextManager contextManager, Object[] arguments, ITestTracer testTracer, TimeSpan&amp; duration) in D:\a\1\s\TechTalk.SpecFlow\Bindings\BindingInvoker.cs:line 48
   at TechTalk.SpecFlow.Infrastructure.TestExecutionEngine.ExecuteStepMatch(BindingMatch match, Object[] arguments, TimeSpan&amp; duration) in D:\a\1\s\TechTalk.SpecFlow\Infrastructure\TestExecutionEngine.cs:line 618
   at TechTalk.SpecRun.SpecFlowPlugin.Runtime.RunnerTestExecutionEngine.ExecuteStepMatch(BindingMatch match, Object[] arguments, TimeSpan&amp; duration)
   at TechTalk.SpecFlow.Infrastructure.TestExecutionEngine.ExecuteStep(IContextManager contextManager, StepInstance stepInstance) in D:\a\1\s\TechTalk.SpecFlow\Infrastructure\TestExecutionEngine.cs:line 531
   at TechTalk.SpecFlow.Infrastructure.TestExecutionEngine.OnAfterLastStep() in D:\a\1\s\TechTalk.SpecFlow\Infrastructure\TestExecutionEngine.cs:line 286
   at TechTalk.SpecRun.SpecFlowPlugin.Runtime.RunnerTestExecutionEngine.OnAfterLastStep()
   at TechTalk.SpecFlow.TestRunner.CollectScenarioErrors() in D:\a\1\s\TechTalk.SpecFlow\TestRunner.cs:line 59
   at Functional.Testing.Features.EmployeesFeature.ScenarioCleanup()
   at Functional.Testing.Features.EmployeesFeature.EmployeeCreate() in C:\Users\Olcay\OneDrive\Masa&#252;st&#252;\sa\Functional.Testing\Features\EmployeesTest.feature:line 16
   at TechTalk.SpecRun.Framework.TaskExecutors.StaticOrInstanceMethodExecutor.ExecuteInternal(ITestThreadExecutionContext testThreadExecutionContext)
   at TechTalk.SpecRun.Framework.TaskExecutors.StaticOrInstanceMethodExecutor.Execute(ITestThreadExecutionContext testThreadExecutionContext)
   at TechTalk.SpecRun.Framework.TestNodeTask.Execute()</pre>
                        </td>
                        <td>Failed in 0.287s</td>
                    </tr>
                    <tr>
                        <td>
                            <pre class="log">When Check date employee has</pre>
                        </td>
                        <td>
                            <!-- [TestAct: Scenario - Employee Create] -->
                            <pre class="log">skipped because of previous errors</pre>
                        </td>
                        <td>Skipped in 0.004s</td>
                    </tr>
                    <tr>
                        <td>
                            <pre class="log">Then the Employee result should be true</pre>
                        </td>
                        <td>
                            <!-- [TestAssert: Scenario - Employee Create] -->
                            <pre class="log">skipped because of previous errors</pre>
                        </td>
                        <td>Skipped in 0.04s</td>
                    </tr>
            </table>
            <a name="t-318021181.1" />
            <h3>Scenario: Employee Create (in Functional.Testing, Employees) retry #1</h3>
            <ul>
                <li>Status: Failed</li>
                <li>Start time: 3.01.2022 23:57:18</li>
                <li>Execution time (sec): 0,1908428</li>
                <li>Thread: #0</li>
                <li>Error: An error occurred while updating the entries. See the inner exception for details. -&gt; Violation of PRIMARY KEY constraint &#39;PK_Employee_BusinessEntityID&#39;. Cannot insert duplicate key in object &#39;HumanResources.Employee&#39;. The duplicate key value is (4996).
The statement has been terminated.</li>
            </ul>
            <table class="testEvents">
                <tr>
                    <th>Steps</th>
                    <th>Trace</th>
                    <th>Result</th>
                </tr>
                    <tr>
                        <td>
                            <pre class="log">Given Create Employee</pre>
                        </td>
                        <td>
                            <!-- [TestArrange: Scenario - Employee Create] -->
                            <pre class="log">error: An error occurred while updating the entries. See the inner exception for details. (0,2s)</pre>
                                <div class="errorMessage">An error occurred while updating the entries. See the inner exception for details. -&gt; Violation of PRIMARY KEY constraint 'PK_Employee_BusinessEntityID'. Cannot insert duplicate key in object 'HumanResources.Employee'. The duplicate key value is (4996).
The statement has been terminated.</div>
                                <pre class="stackTrace">Microsoft.EntityFrameworkCore.DbUpdateException: An error occurred while updating the entries. See the inner exception for details.
 ---&gt; Microsoft.Data.SqlClient.SqlException (0x80131904): Violation of PRIMARY KEY constraint 'PK_Employee_BusinessEntityID'. Cannot insert duplicate key in object 'HumanResources.Employee'. The duplicate key value is (4996).
The statement has been terminated.
   at Microsoft.Data.SqlClient.SqlCommand.&lt;&gt;c.&lt;ExecuteDbDataReaderAsync&gt;b__169_0(Task`1 result) in H:\tsaagent1\_work\21\s\src\Microsoft.Data.SqlClient\netcore\src\Microsoft\Data\SqlClient\SqlCommand.cs:line 2310
   at System.Threading.Tasks.ContinuationResultTaskFromResultTask`2.InnerInvoke()
   at System.Threading.Tasks.Task.&lt;&gt;c.&lt;.cctor&gt;b__277_0(Object obj)
   at System.Threading.ExecutionContext.RunInternal(ExecutionContext executionContext, ContextCallback callback, Object state)
--- End of stack trace from previous location ---
   at System.Threading.ExecutionContext.RunInternal(ExecutionContext executionContext, ContextCallback callback, Object state)
   at System.Threading.Tasks.Task.ExecuteWithThreadLocal(Task&amp; currentTaskSlot, Thread threadPoolThread)
--- End of stack trace from previous location ---
   at Microsoft.EntityFrameworkCore.Storage.RelationalCommand.ExecuteReaderAsync(RelationalCommandParameterObject parameterObject, CancellationToken cancellationToken)
   at Microsoft.EntityFrameworkCore.Storage.RelationalCommand.ExecuteReaderAsync(RelationalCommandParameterObject parameterObject, CancellationToken cancellationToken)
   at Microsoft.EntityFrameworkCore.Update.ReaderModificationCommandBatch.ExecuteAsync(IRelationalConnection connection, CancellationToken cancellationToken)
ClientConnectionId:cc7ad0a9-ad9b-4857-82eb-0be774265321
Error Number:2627,State:1,Class:14
   --- End of inner exception stack trace ---
   at Microsoft.EntityFrameworkCore.Update.ReaderModificationCommandBatch.ExecuteAsync(IRelationalConnection connection, CancellationToken cancellationToken)
   at Microsoft.EntityFrameworkCore.Update.Internal.BatchExecutor.ExecuteAsync(IEnumerable`1 commandBatches, IRelationalConnection connection, CancellationToken cancellationToken)
   at Microsoft.EntityFrameworkCore.Update.Internal.BatchExecutor.ExecuteAsync(IEnumerable`1 commandBatches, IRelationalConnection connection, CancellationToken cancellationToken)
   at Microsoft.EntityFrameworkCore.Update.Internal.BatchExecutor.ExecuteAsync(IEnumerable`1 commandBatches, IRelationalConnection connection, CancellationToken cancellationToken)
   at Microsoft.EntityFrameworkCore.ChangeTracking.Internal.StateManager.SaveChangesAsync(IList`1 entriesToSave, CancellationToken cancellationToken)
   at Microsoft.EntityFrameworkCore.ChangeTracking.Internal.StateManager.SaveChangesAsync(DbContext _, Boolean acceptAllChangesOnSuccess, CancellationToken cancellationToken)
   at Microsoft.EntityFrameworkCore.SqlServer.Storage.Internal.SqlServerExecutionStrategy.ExecuteAsync[TState,TResult](TState state, Func`4 operation, Func`4 verifySucceeded, CancellationToken cancellationToken)
   at Microsoft.EntityFrameworkCore.DbContext.SaveChangesAsync(Boolean acceptAllChangesOnSuccess, CancellationToken cancellationToken)
   at Microsoft.EntityFrameworkCore.DbContext.SaveChangesAsync(Boolean acceptAllChangesOnSuccess, CancellationToken cancellationToken)
   at Functional.Testing.Steps.EmployeesSteps.Create() in C:\Users\Olcay\OneDrive\Masa&#252;st&#252;\sa\Functional.Testing\Steps\EmployeesSteps.cs:line 50
   at TechTalk.SpecFlow.Bindings.SynchronousBindingDelegateInvoker.&lt;&gt;c__DisplayClass2_0.&lt;&lt;InvokeBindingDelegateAsync&gt;b__0&gt;d.MoveNext() in D:\a\1\s\TechTalk.SpecFlow\Bindings\SynchronousBindingDelegateInvoker.cs:line 31
--- End of stack trace from previous location ---
   at TechTalk.SpecFlow.Bindings.AsyncHelpers.&lt;&gt;c__DisplayClass1_0`1.&lt;&lt;RunSync&gt;b__0&gt;d.MoveNext() in D:\a\1\s\TechTalk.SpecFlow\Bindings\AsyncHelpers.cs:line 59
--- End of stack trace from previous location ---
   at TechTalk.SpecFlow.Bindings.AsyncHelpers.ExclusiveSynchronizationContext.BeginMessageLoop() in D:\a\1\s\TechTalk.SpecFlow\Bindings\AsyncHelpers.cs:line 125
   at TechTalk.SpecFlow.Bindings.AsyncHelpers.RunSync[T](Func`1 task) in D:\a\1\s\TechTalk.SpecFlow\Bindings\AsyncHelpers.cs:line 71
   at TechTalk.SpecFlow.Bindings.SynchronousBindingDelegateInvoker.InvokeBindingDelegateAsync(Delegate bindingDelegate, Object[] invokeArgs) in D:\a\1\s\TechTalk.SpecFlow\Bindings\SynchronousBindingDelegateInvoker.cs:line 27
   at TechTalk.SpecFlow.Bindings.SynchronousBindingDelegateInvoker.InvokeDelegateSynchronously(Delegate bindingDelegate, Object[] invokeArgs) in D:\a\1\s\TechTalk.SpecFlow\Bindings\SynchronousBindingDelegateInvoker.cs:line 16
   at TechTalk.SpecFlow.Bindings.BindingInvoker.InvokeBinding(IBinding binding, IContextManager contextManager, Object[] arguments, ITestTracer testTracer, TimeSpan&amp; duration) in D:\a\1\s\TechTalk.SpecFlow\Bindings\BindingInvoker.cs:line 48
   at TechTalk.SpecFlow.Infrastructure.TestExecutionEngine.ExecuteStepMatch(BindingMatch match, Object[] arguments, TimeSpan&amp; duration) in D:\a\1\s\TechTalk.SpecFlow\Infrastructure\TestExecutionEngine.cs:line 618
   at TechTalk.SpecRun.SpecFlowPlugin.Runtime.RunnerTestExecutionEngine.ExecuteStepMatch(BindingMatch match, Object[] arguments, TimeSpan&amp; duration)
   at TechTalk.SpecFlow.Infrastructure.TestExecutionEngine.ExecuteStep(IContextManager contextManager, StepInstance stepInstance) in D:\a\1\s\TechTalk.SpecFlow\Infrastructure\TestExecutionEngine.cs:line 531
   at TechTalk.SpecFlow.Infrastructure.TestExecutionEngine.OnAfterLastStep() in D:\a\1\s\TechTalk.SpecFlow\Infrastructure\TestExecutionEngine.cs:line 286
   at TechTalk.SpecRun.SpecFlowPlugin.Runtime.RunnerTestExecutionEngine.OnAfterLastStep()
   at TechTalk.SpecFlow.TestRunner.CollectScenarioErrors() in D:\a\1\s\TechTalk.SpecFlow\TestRunner.cs:line 59
   at Functional.Testing.Features.EmployeesFeature.ScenarioCleanup()
   at Functional.Testing.Features.EmployeesFeature.EmployeeCreate() in C:\Users\Olcay\OneDrive\Masa&#252;st&#252;\sa\Functional.Testing\Features\EmployeesTest.feature:line 16
   at TechTalk.SpecRun.Framework.TaskExecutors.StaticOrInstanceMethodExecutor.ExecuteInternal(ITestThreadExecutionContext testThreadExecutionContext)
   at TechTalk.SpecRun.Framework.TaskExecutors.StaticOrInstanceMethodExecutor.Execute(ITestThreadExecutionContext testThreadExecutionContext)
   at TechTalk.SpecRun.Framework.TestNodeTask.Execute()</pre>
                        </td>
                        <td>Failed in 0.183s</td>
                    </tr>
                    <tr>
                        <td>
                            <pre class="log">When Check date employee has</pre>
                        </td>
                        <td>
                            <!-- [TestAct: Scenario - Employee Create] -->
                            <pre class="log">skipped because of previous errors</pre>
                        </td>
                        <td>Skipped in 0.001s</td>
                    </tr>
                    <tr>
                        <td>
                            <pre class="log">Then the Employee result should be true</pre>
                        </td>
                        <td>
                            <!-- [TestAssert: Scenario - Employee Create] -->
                            <pre class="log">skipped because of previous errors</pre>
                        </td>
                        <td>Skipped in 0.003s</td>
                    </tr>
            </table>
            <a name="t-318021181.2" />
            <h3>Scenario: Employee Create (in Functional.Testing, Employees) retry #2</h3>
            <ul>
                <li>Status: Failed</li>
                <li>Start time: 3.01.2022 23:57:18</li>
                <li>Execution time (sec): 0,1886528</li>
                <li>Thread: #0</li>
                <li>Error: An error occurred while updating the entries. See the inner exception for details. -&gt; Violation of PRIMARY KEY constraint &#39;PK_Employee_BusinessEntityID&#39;. Cannot insert duplicate key in object &#39;HumanResources.Employee&#39;. The duplicate key value is (4996).
The statement has been terminated.</li>
            </ul>
            <table class="testEvents">
                <tr>
                    <th>Steps</th>
                    <th>Trace</th>
                    <th>Result</th>
                </tr>
                    <tr>
                        <td>
                            <pre class="log">Given Create Employee</pre>
                        </td>
                        <td>
                            <!-- [TestArrange: Scenario - Employee Create] -->
                            <pre class="log">error: An error occurred while updating the entries. See the inner exception for details. (0,2s)</pre>
                                <div class="errorMessage">An error occurred while updating the entries. See the inner exception for details. -&gt; Violation of PRIMARY KEY constraint 'PK_Employee_BusinessEntityID'. Cannot insert duplicate key in object 'HumanResources.Employee'. The duplicate key value is (4996).
The statement has been terminated.</div>
                                <pre class="stackTrace">Microsoft.EntityFrameworkCore.DbUpdateException: An error occurred while updating the entries. See the inner exception for details.
 ---&gt; Microsoft.Data.SqlClient.SqlException (0x80131904): Violation of PRIMARY KEY constraint 'PK_Employee_BusinessEntityID'. Cannot insert duplicate key in object 'HumanResources.Employee'. The duplicate key value is (4996).
The statement has been terminated.
   at Microsoft.Data.SqlClient.SqlCommand.&lt;&gt;c.&lt;ExecuteDbDataReaderAsync&gt;b__169_0(Task`1 result) in H:\tsaagent1\_work\21\s\src\Microsoft.Data.SqlClient\netcore\src\Microsoft\Data\SqlClient\SqlCommand.cs:line 2310
   at System.Threading.Tasks.ContinuationResultTaskFromResultTask`2.InnerInvoke()
   at System.Threading.Tasks.Task.&lt;&gt;c.&lt;.cctor&gt;b__277_0(Object obj)
   at System.Threading.ExecutionContext.RunInternal(ExecutionContext executionContext, ContextCallback callback, Object state)
--- End of stack trace from previous location ---
   at System.Threading.Tasks.Task.ExecuteWithThreadLocal(Task&amp; currentTaskSlot, Thread threadPoolThread)
--- End of stack trace from previous location ---
   at Microsoft.EntityFrameworkCore.Storage.RelationalCommand.ExecuteReaderAsync(RelationalCommandParameterObject parameterObject, CancellationToken cancellationToken)
   at Microsoft.EntityFrameworkCore.Storage.RelationalCommand.ExecuteReaderAsync(RelationalCommandParameterObject parameterObject, CancellationToken cancellationToken)
   at Microsoft.EntityFrameworkCore.Update.ReaderModificationCommandBatch.ExecuteAsync(IRelationalConnection connection, CancellationToken cancellationToken)
ClientConnectionId:cc7ad0a9-ad9b-4857-82eb-0be774265321
Error Number:2627,State:1,Class:14
   --- End of inner exception stack trace ---
   at Microsoft.EntityFrameworkCore.Update.ReaderModificationCommandBatch.ExecuteAsync(IRelationalConnection connection, CancellationToken cancellationToken)
   at Microsoft.EntityFrameworkCore.Update.Internal.BatchExecutor.ExecuteAsync(IEnumerable`1 commandBatches, IRelationalConnection connection, CancellationToken cancellationToken)
   at Microsoft.EntityFrameworkCore.Update.Internal.BatchExecutor.ExecuteAsync(IEnumerable`1 commandBatches, IRelationalConnection connection, CancellationToken cancellationToken)
   at Microsoft.EntityFrameworkCore.Update.Internal.BatchExecutor.ExecuteAsync(IEnumerable`1 commandBatches, IRelationalConnection connection, CancellationToken cancellationToken)
   at Microsoft.EntityFrameworkCore.ChangeTracking.Internal.StateManager.SaveChangesAsync(IList`1 entriesToSave, CancellationToken cancellationToken)
   at Microsoft.EntityFrameworkCore.ChangeTracking.Internal.StateManager.SaveChangesAsync(DbContext _, Boolean acceptAllChangesOnSuccess, CancellationToken cancellationToken)
   at Microsoft.EntityFrameworkCore.SqlServer.Storage.Internal.SqlServerExecutionStrategy.ExecuteAsync[TState,TResult](TState state, Func`4 operation, Func`4 verifySucceeded, CancellationToken cancellationToken)
   at Microsoft.EntityFrameworkCore.DbContext.SaveChangesAsync(Boolean acceptAllChangesOnSuccess, CancellationToken cancellationToken)
   at Microsoft.EntityFrameworkCore.DbContext.SaveChangesAsync(Boolean acceptAllChangesOnSuccess, CancellationToken cancellationToken)
   at Functional.Testing.Steps.EmployeesSteps.Create() in C:\Users\Olcay\OneDrive\Masa&#252;st&#252;\sa\Functional.Testing\Steps\EmployeesSteps.cs:line 50
   at TechTalk.SpecFlow.Bindings.SynchronousBindingDelegateInvoker.&lt;&gt;c__DisplayClass2_0.&lt;&lt;InvokeBindingDelegateAsync&gt;b__0&gt;d.MoveNext() in D:\a\1\s\TechTalk.SpecFlow\Bindings\SynchronousBindingDelegateInvoker.cs:line 31
--- End of stack trace from previous location ---
   at TechTalk.SpecFlow.Bindings.AsyncHelpers.&lt;&gt;c__DisplayClass1_0`1.&lt;&lt;RunSync&gt;b__0&gt;d.MoveNext() in D:\a\1\s\TechTalk.SpecFlow\Bindings\AsyncHelpers.cs:line 59
--- End of stack trace from previous location ---
   at TechTalk.SpecFlow.Bindings.AsyncHelpers.ExclusiveSynchronizationContext.BeginMessageLoop() in D:\a\1\s\TechTalk.SpecFlow\Bindings\AsyncHelpers.cs:line 125
   at TechTalk.SpecFlow.Bindings.AsyncHelpers.RunSync[T](Func`1 task) in D:\a\1\s\TechTalk.SpecFlow\Bindings\AsyncHelpers.cs:line 71
   at TechTalk.SpecFlow.Bindings.SynchronousBindingDelegateInvoker.InvokeBindingDelegateAsync(Delegate bindingDelegate, Object[] invokeArgs) in D:\a\1\s\TechTalk.SpecFlow\Bindings\SynchronousBindingDelegateInvoker.cs:line 27
   at TechTalk.SpecFlow.Bindings.SynchronousBindingDelegateInvoker.InvokeDelegateSynchronously(Delegate bindingDelegate, Object[] invokeArgs) in D:\a\1\s\TechTalk.SpecFlow\Bindings\SynchronousBindingDelegateInvoker.cs:line 16
   at TechTalk.SpecFlow.Bindings.BindingInvoker.InvokeBinding(IBinding binding, IContextManager contextManager, Object[] arguments, ITestTracer testTracer, TimeSpan&amp; duration) in D:\a\1\s\TechTalk.SpecFlow\Bindings\BindingInvoker.cs:line 48
   at TechTalk.SpecFlow.Infrastructure.TestExecutionEngine.ExecuteStepMatch(BindingMatch match, Object[] arguments, TimeSpan&amp; duration) in D:\a\1\s\TechTalk.SpecFlow\Infrastructure\TestExecutionEngine.cs:line 618
   at TechTalk.SpecRun.SpecFlowPlugin.Runtime.RunnerTestExecutionEngine.ExecuteStepMatch(BindingMatch match, Object[] arguments, TimeSpan&amp; duration)
   at TechTalk.SpecFlow.Infrastructure.TestExecutionEngine.ExecuteStep(IContextManager contextManager, StepInstance stepInstance) in D:\a\1\s\TechTalk.SpecFlow\Infrastructure\TestExecutionEngine.cs:line 531
   at TechTalk.SpecFlow.Infrastructure.TestExecutionEngine.OnAfterLastStep() in D:\a\1\s\TechTalk.SpecFlow\Infrastructure\TestExecutionEngine.cs:line 286
   at TechTalk.SpecRun.SpecFlowPlugin.Runtime.RunnerTestExecutionEngine.OnAfterLastStep()
   at TechTalk.SpecFlow.TestRunner.CollectScenarioErrors() in D:\a\1\s\TechTalk.SpecFlow\TestRunner.cs:line 59
   at Functional.Testing.Features.EmployeesFeature.ScenarioCleanup()
   at Functional.Testing.Features.EmployeesFeature.EmployeeCreate() in C:\Users\Olcay\OneDrive\Masa&#252;st&#252;\sa\Functional.Testing\Features\EmployeesTest.feature:line 16
   at TechTalk.SpecRun.Framework.TaskExecutors.StaticOrInstanceMethodExecutor.ExecuteInternal(ITestThreadExecutionContext testThreadExecutionContext)
   at TechTalk.SpecRun.Framework.TaskExecutors.StaticOrInstanceMethodExecutor.Execute(ITestThreadExecutionContext testThreadExecutionContext)
   at TechTalk.SpecRun.Framework.TestNodeTask.Execute()</pre>
                        </td>
                        <td>Failed in 0.184s</td>
                    </tr>
                    <tr>
                        <td>
                            <pre class="log">When Check date employee has</pre>
                        </td>
                        <td>
                            <!-- [TestAct: Scenario - Employee Create] -->
                            <pre class="log">skipped because of previous errors</pre>
                        </td>
                        <td>Skipped in 0.001s</td>
                    </tr>
                    <tr>
                        <td>
                            <pre class="log">Then the Employee result should be true</pre>
                        </td>
                        <td>
                            <!-- [TestAssert: Scenario - Employee Create] -->
                            <pre class="log">skipped because of previous errors</pre>
                        </td>
                        <td>Skipped in 0.002s</td>
                    </tr>
            </table>
            <a name="t1645810675.0" />
            <h3>Scenario: Employee Edit (in Functional.Testing, Employees)</h3>
            <ul>
                <li>Status: Succeeded</li>
                <li>Start time: 3.01.2022 23:57:19</li>
                <li>Execution time (sec): 0,2661846</li>
                <li>Thread: #0</li>
            </ul>
            <table class="testEvents">
                <tr>
                    <th>Steps</th>
                    <th>Trace</th>
                    <th>Result</th>
                </tr>
                    <tr>
                        <td>
                            <pre class="log">Given Edit EmployeeId is 4 with name is Test Title</pre>
                        </td>
                        <td>
                            <!-- [TestArrange: Scenario - Employee Edit] -->
                            <pre class="log">done: EmployeesSteps.editEmployee(4, &quot;Test Title&quot;) (0,2s)</pre>
                        </td>
                        <td>Succeeded in 0.214s</td>
                    </tr>
                    <tr>
                        <td>
                            <pre class="log">When Find Employee which name is Test Title and id 4</pre>
                        </td>
                        <td>
                            <!-- [TestAct: Scenario - Employee Edit] -->
                            <pre class="log">done: EmployeesSteps.findEmployee(&quot;Test Title&quot;, 4) (0,0s)</pre>
                        </td>
                        <td>Succeeded in 0.05s</td>
                    </tr>
                    <tr>
                        <td>
                            <pre class="log">Then the Employee result should be true</pre>
                        </td>
                        <td>
                            <!-- [TestAssert: Scenario - Employee Edit] -->
                            <pre class="log">done: EmployeesSteps.ThenTheResultShouldBe(True) (0,0s)</pre>
                        </td>
                        <td>Succeeded in 0.001s</td>
                    </tr>
            </table>
            <a name="t-1409212692.0" />
            <h3>Scenario: Employee Exist (in Functional.Testing, Employees)</h3>
            <ul>
                <li>Status: Succeeded</li>
                <li>Start time: 3.01.2022 23:57:19</li>
                <li>Execution time (sec): 0,0528644</li>
                <li>Thread: #0</li>
            </ul>
            <table class="testEvents">
                <tr>
                    <th>Steps</th>
                    <th>Trace</th>
                    <th>Result</th>
                </tr>
                    <tr>
                        <td>
                            <pre class="log">Given Employee Id is 4</pre>
                        </td>
                        <td>
                            <!-- [TestArrange: Scenario - Employee Exist] -->
                            <pre class="log">done: EmployeesSteps.GivenEmployeeIdIs(4) (0,0s)</pre>
                        </td>
                        <td>Succeeded in 0.001s</td>
                    </tr>
                    <tr>
                        <td>
                            <pre class="log">When Find Employee</pre>
                        </td>
                        <td>
                            <!-- [TestAct: Scenario - Employee Exist] -->
                            <pre class="log">done: EmployeesSteps.WhenFindEmployee() (0,0s)</pre>
                        </td>
                        <td>Succeeded in 0.049s</td>
                    </tr>
                    <tr>
                        <td>
                            <pre class="log">Then the Employee result should be true</pre>
                        </td>
                        <td>
                            <!-- [TestAssert: Scenario - Employee Exist] -->
                            <pre class="log">done: EmployeesSteps.ThenTheResultShouldBe(True) (0,0s)</pre>
                        </td>
                        <td>Succeeded in 0.001s</td>
                    </tr>
            </table>
            <a name="t481569884.0" />
            <h3>Scenario: Login (in Functional.Testing, Login)</h3>
            <ul>
                <li>Status: Succeeded</li>
                <li>Start time: 3.01.2022 23:57:19</li>
                <li>Execution time (sec): 0,0662271</li>
                <li>Thread: #0</li>
            </ul>
            <table class="testEvents">
                <tr>
                    <th>Steps</th>
                    <th>Trace</th>
                    <th>Result</th>
                </tr>
                    <tr>
                        <td>
                            <pre class="log">Given username is yunus</pre>
                        </td>
                        <td>
                            <!-- [TestArrange: Scenario - Login] -->
                            <pre class="log">done: LoginSteps.GivenUsernameIsYunus(&quot;yunus&quot;) (0,0s)</pre>
                        </td>
                        <td>Succeeded in 0.003s</td>
                    </tr>
                    <tr>
                        <td>
                            <pre class="log">And password is 123</pre>
                        </td>
                        <td>
                            <!-- [TestArrange: Scenario - Login] -->
                            <pre class="log">done: LoginSteps.GivenPasswordIs(&quot;123&quot;) (0,0s)</pre>
                        </td>
                        <td>Succeeded in 0.001s</td>
                    </tr>
                    <tr>
                        <td>
                            <pre class="log">When try to login</pre>
                        </td>
                        <td>
                            <!-- [TestAct: Scenario - Login] -->
                            <pre class="log">done: LoginSteps.WhenTryToLogin() (0,1s)</pre>
                        </td>
                        <td>Succeeded in 0.058s</td>
                    </tr>
                    <tr>
                        <td>
                            <pre class="log">Then should be true</pre>
                        </td>
                        <td>
                            <!-- [TestAssert: Scenario - Login] -->
                            <pre class="log">done: LoginSteps.ThenShouldBe(True) (0,0s)</pre>
                        </td>
                        <td>Succeeded in 0.002s</td>
                    </tr>
            </table>
            <a name="t-2005340631.0" />
            <h3>Scenario: Wrong login (in Functional.Testing, Login)</h3>
            <ul>
                <li>Status: Succeeded</li>
                <li>Start time: 3.01.2022 23:57:19</li>
                <li>Execution time (sec): 0,0514572</li>
                <li>Thread: #0</li>
            </ul>
            <table class="testEvents">
                <tr>
                    <th>Steps</th>
                    <th>Trace</th>
                    <th>Result</th>
                </tr>
                    <tr>
                        <td>
                            <pre class="log">Given username is olcay</pre>
                        </td>
                        <td>
                            <!-- [TestArrange: Scenario - Wrong login] -->
                            <pre class="log">done: LoginSteps.GivenUsernameIsYunus(&quot;olcay&quot;) (0,0s)</pre>
                        </td>
                        <td>Succeeded in 0.002s</td>
                    </tr>
                    <tr>
                        <td>
                            <pre class="log">And password is 1234</pre>
                        </td>
                        <td>
                            <!-- [TestArrange: Scenario - Wrong login] -->
                            <pre class="log">done: LoginSteps.GivenPasswordIs(&quot;1234&quot;) (0,0s)</pre>
                        </td>
                        <td>Succeeded in 0.001s</td>
                    </tr>
                    <tr>
                        <td>
                            <pre class="log">When try to login</pre>
                        </td>
                        <td>
                            <!-- [TestAct: Scenario - Wrong login] -->
                            <pre class="log">done: LoginSteps.WhenTryToLogin() (0,0s)</pre>
                        </td>
                        <td>Succeeded in 0.047s</td>
                    </tr>
                    <tr>
                        <td>
                            <pre class="log">Then should be false</pre>
                        </td>
                        <td>
                            <!-- [TestAssert: Scenario - Wrong login] -->
                            <pre class="log">done: LoginSteps.ThenShouldBe(False) (0,0s)</pre>
                        </td>
                        <td>Succeeded in 0.001s</td>
                    </tr>
            </table>
            <a name="t-493378366.0" />
            <h3>Scenario: Register (in Functional.Testing, Login)</h3>
            <ul>
                <li>Status: Succeeded</li>
                <li>Start time: 3.01.2022 23:57:19</li>
                <li>Execution time (sec): 0,2185088</li>
                <li>Thread: #0</li>
            </ul>
            <table class="testEvents">
                <tr>
                    <th>Steps</th>
                    <th>Trace</th>
                    <th>Result</th>
                </tr>
                    <tr>
                        <td>
                            <pre class="log">Given Register username is Test</pre>
                        </td>
                        <td>
                            <!-- [TestArrange: Scenario - Register] -->
                            <pre class="log">done: LoginSteps.GivenRegisterUsernamesTest(&quot;Test&quot;) (0,0s)</pre>
                        </td>
                        <td>Succeeded in 0.002s</td>
                    </tr>
                    <tr>
                        <td>
                            <pre class="log">And Register password is Test</pre>
                        </td>
                        <td>
                            <!-- [TestArrange: Scenario - Register] -->
                            <pre class="log">done: LoginSteps.GivenRegisterPasswordsTest(&quot;Test&quot;) (0,1s)</pre>
                        </td>
                        <td>Succeeded in 0.151s</td>
                    </tr>
                    <tr>
                        <td>
                            <pre class="log">When try to login</pre>
                        </td>
                        <td>
                            <!-- [TestAct: Scenario - Register] -->
                            <pre class="log">done: LoginSteps.WhenTryToLogin() (0,1s)</pre>
                        </td>
                        <td>Succeeded in 0.055s</td>
                    </tr>
                    <tr>
                        <td>
                            <pre class="log">Then should be true</pre>
                        </td>
                        <td>
                            <!-- [TestAssert: Scenario - Register] -->
                            <pre class="log">done: LoginSteps.ThenShouldBe(True) (0,0s)</pre>
                        </td>
                        <td>Succeeded in 0.001s</td>
                    </tr>
            </table>
            <a name="t-1311679686.0" />
            <h3>Scenario: Index Function Test (in Functional.Testing, Product Purchase)</h3>
            <ul>
                <li>Status: Succeeded</li>
                <li>Start time: 3.01.2022 23:57:19</li>
                <li>Execution time (sec): 0,0072289</li>
                <li>Thread: #0</li>
            </ul>
            <table class="testEvents">
                <tr>
                    <th>Steps</th>
                    <th>Trace</th>
                    <th>Result</th>
                </tr>
                    <tr>
                        <td>
                            <pre class="log">Given Product Purchase have Employee,ShipMethod and Vendor</pre>
                        </td>
                        <td>
                            <!-- [TestArrange: Scenario - Index Function Test] -->
                            <pre class="log">done: ProductPurchaseSteps.GivenProductPurchaseHaveEmployeeShipMethodAndVendor() (0,0s)</pre>
                        </td>
                        <td>Succeeded in 0.004s</td>
                    </tr>
                    <tr>
                        <td>
                            <pre class="log">Then the Product Purchase result should be true</pre>
                        </td>
                        <td>
                            <!-- [TestAssert: Scenario - Index Function Test] -->
                            <pre class="log">done: ProductPurchaseSteps.ThenTheProductPurchaseResultShouldBeTrue(True) (0,0s)</pre>
                        </td>
                        <td>Succeeded in 0.001s</td>
                    </tr>
            </table>
            <a name="t-996846590.0" />
            <h3>Scenario: Product detail has (in Functional.Testing, Product Purchase)</h3>
            <ul>
                <li>Status: Succeeded</li>
                <li>Start time: 3.01.2022 23:57:19</li>
                <li>Execution time (sec): 0,074289</li>
                <li>Thread: #0</li>
            </ul>
            <table class="testEvents">
                <tr>
                    <th>Steps</th>
                    <th>Trace</th>
                    <th>Result</th>
                </tr>
                    <tr>
                        <td>
                            <pre class="log">Given Product Purchase Id is 2</pre>
                        </td>
                        <td>
                            <!-- [TestArrange: Scenario - Product detail has] -->
                            <pre class="log">done: ProductPurchaseSteps.ProductPurchaseIdIs(2) (0,0s)</pre>
                        </td>
                        <td>Succeeded in 0.002s</td>
                    </tr>
                    <tr>
                        <td>
                            <pre class="log">When Find Product Purchase detail</pre>
                        </td>
                        <td>
                            <!-- [TestAct: Scenario - Product detail has] -->
                            <pre class="log">done: ProductPurchaseSteps.FindProductPurchaseDetail() (0,1s)</pre>
                        </td>
                        <td>Succeeded in 0.068s</td>
                    </tr>
                    <tr>
                        <td>
                            <pre class="log">Then the Product Purchase result should be true</pre>
                        </td>
                        <td>
                            <!-- [TestAssert: Scenario - Product detail has] -->
                            <pre class="log">done: ProductPurchaseSteps.ThenTheProductPurchaseResultShouldBeTrue(True) (0,0s)</pre>
                        </td>
                        <td>Succeeded in 0.001s</td>
                    </tr>
            </table>
            <a name="t-1441532196.0" />
            <h3>Scenario: Index Function Test (in Functional.Testing, Products Sales)</h3>
            <ul>
                <li>Status: Succeeded</li>
                <li>Start time: 3.01.2022 23:57:19</li>
                <li>Execution time (sec): 0,0073644</li>
                <li>Thread: #0</li>
            </ul>
            <table class="testEvents">
                <tr>
                    <th>Steps</th>
                    <th>Trace</th>
                    <th>Result</th>
                </tr>
                    <tr>
                        <td>
                            <pre class="log">Given Products Sales have BillToAddress, CreditCard, CurrencyRate, Customer, SalesPerson, ShipMethod, ShipToAddress and Territory</pre>
                        </td>
                        <td>
                            <!-- [TestArrange: Scenario - Index Function Test] -->
                            <pre class="log">done: ProductsSalesSteps.GivenProductsSalesHave() (0,0s)</pre>
                        </td>
                        <td>Succeeded in 0.003s</td>
                    </tr>
                    <tr>
                        <td>
                            <pre class="log">Then the Products Sales result should be true</pre>
                        </td>
                        <td>
                            <!-- [TestAssert: Scenario - Index Function Test] -->
                            <pre class="log">done: ProductsSalesSteps.ThenTheProductsSalesResultShouldBeTrue(True) (0,0s)</pre>
                        </td>
                        <td>Succeeded in 0.002s</td>
                    </tr>
            </table>
            <a name="t1415071081.0" />
            <h3>Scenario: Products Sales detail has (in Functional.Testing, Products Sales)</h3>
            <ul>
                <li>Status: Succeeded</li>
                <li>Start time: 3.01.2022 23:57:19</li>
                <li>Execution time (sec): 0,0724295</li>
                <li>Thread: #0</li>
            </ul>
            <table class="testEvents">
                <tr>
                    <th>Steps</th>
                    <th>Trace</th>
                    <th>Result</th>
                </tr>
                    <tr>
                        <td>
                            <pre class="log">Given Products Sales Id is 2</pre>
                        </td>
                        <td>
                            <!-- [TestArrange: Scenario - Products Sales detail has] -->
                            <pre class="log">done: ProductsSalesSteps.GivenProductsSalesIdIs(2) (0,0s)</pre>
                        </td>
                        <td>Succeeded in 0.003s</td>
                    </tr>
                    <tr>
                        <td>
                            <pre class="log">When Find Products Sales detail</pre>
                        </td>
                        <td>
                            <!-- [TestAct: Scenario - Products Sales detail has] -->
                            <pre class="log">done: ProductsSalesSteps.WhenFindProductsSalesDetail() (0,1s)</pre>
                        </td>
                        <td>Succeeded in 0.065s</td>
                    </tr>
                    <tr>
                        <td>
                            <pre class="log">Then the Products Sales result should be true</pre>
                        </td>
                        <td>
                            <!-- [TestAssert: Scenario - Products Sales detail has] -->
                            <pre class="log">done: ProductsSalesSteps.ThenTheProductsSalesResultShouldBeTrue(True) (0,0s)</pre>
                        </td>
                        <td>Succeeded in 0.002s</td>
                    </tr>
            </table>
            <a name="t-1516554019.0" />
            <h3>Scenario: Index Function Test (in Functional.Testing, Product)</h3>
            <ul>
                <li>Status: Succeeded</li>
                <li>Start time: 3.01.2022 23:57:19</li>
                <li>Execution time (sec): 0,3830591</li>
                <li>Thread: #0</li>
            </ul>
            <table class="testEvents">
                <tr>
                    <th>Steps</th>
                    <th>Trace</th>
                    <th>Result</th>
                </tr>
                    <tr>
                        <td>
                            <pre class="log">Given Product Model and Product Subcategory have</pre>
                        </td>
                        <td>
                            <!-- [TestArrange: Scenario - Index Function Test] -->
                            <pre class="log">done: ProductTestSteps.GivenPropertyHave() (0,4s)</pre>
                        </td>
                        <td>Succeeded in 0.379s</td>
                    </tr>
                    <tr>
                        <td>
                            <pre class="log">Then the Product result should be true</pre>
                        </td>
                        <td>
                            <!-- [TestAssert: Scenario - Index Function Test] -->
                            <pre class="log">done: ProductTestSteps.ThenTheResultShouldBe(True) (0,0s)</pre>
                        </td>
                        <td>Succeeded in 0.002s</td>
                    </tr>
            </table>
            <a name="t-1090972520.0" />
            <h3>Scenario: Products detail has (in Functional.Testing, Product)</h3>
            <ul>
                <li>Status: Succeeded</li>
                <li>Start time: 3.01.2022 23:57:20</li>
                <li>Execution time (sec): 0,0548842</li>
                <li>Thread: #0</li>
            </ul>
            <table class="testEvents">
                <tr>
                    <th>Steps</th>
                    <th>Trace</th>
                    <th>Result</th>
                </tr>
                    <tr>
                        <td>
                            <pre class="log">Given Products Id is 4</pre>
                        </td>
                        <td>
                            <!-- [TestArrange: Scenario - Products detail has] -->
                            <pre class="log">done: ProductTestSteps.findProduct(4) (0,0s)</pre>
                        </td>
                        <td>Succeeded in 0.003s</td>
                    </tr>
                    <tr>
                        <td>
                            <pre class="log">When Find products detail</pre>
                        </td>
                        <td>
                            <!-- [TestAct: Scenario - Products detail has] -->
                            <pre class="log">done: ProductTestSteps.findDetail() (0,0s)</pre>
                        </td>
                        <td>Succeeded in 0.05s</td>
                    </tr>
                    <tr>
                        <td>
                            <pre class="log">Then the Product result should be true</pre>
                        </td>
                        <td>
                            <!-- [TestAssert: Scenario - Products detail has] -->
                            <pre class="log">done: ProductTestSteps.ThenTheResultShouldBe(True) (0,0s)</pre>
                        </td>
                        <td>Succeeded in 0.001s</td>
                    </tr>
            </table>
            <a name="t484619440.0" />
            <h3>Scenario: Product Create (in Functional.Testing, Product)</h3>
            <ul>
                <li>Status: Succeeded</li>
                <li>Start time: 3.01.2022 23:57:20</li>
                <li>Execution time (sec): 0,2839172</li>
                <li>Thread: #0</li>
            </ul>
            <table class="testEvents">
                <tr>
                    <th>Steps</th>
                    <th>Trace</th>
                    <th>Result</th>
                </tr>
                    <tr>
                        <td>
                            <pre class="log">Given Create Product</pre>
                        </td>
                        <td>
                            <!-- [TestArrange: Scenario - Product Create] -->
                            <pre class="log">done: ProductTestSteps.Create() (0,3s)</pre>
                        </td>
                        <td>Succeeded in 0.279s</td>
                    </tr>
                    <tr>
                        <td>
                            <pre class="log">When Check date Product has</pre>
                        </td>
                        <td>
                            <!-- [TestAct: Scenario - Product Create] -->
                            <pre class="log">done: ProductTestSteps.isNull() (0,0s)</pre>
                        </td>
                        <td>Succeeded in 0.002s</td>
                    </tr>
                    <tr>
                        <td>
                            <pre class="log">Then the Product result should be true</pre>
                        </td>
                        <td>
                            <!-- [TestAssert: Scenario - Product Create] -->
                            <pre class="log">done: ProductTestSteps.ThenTheResultShouldBe(True) (0,0s)</pre>
                        </td>
                        <td>Succeeded in 0.001s</td>
                    </tr>
            </table>
            <a name="t-1433947264.0" />
            <h3>Scenario: Product Edit (in Functional.Testing, Product)</h3>
            <ul>
                <li>Status: Succeeded</li>
                <li>Start time: 3.01.2022 23:57:20</li>
                <li>Execution time (sec): 0,2519553</li>
                <li>Thread: #0</li>
            </ul>
            <table class="testEvents">
                <tr>
                    <th>Steps</th>
                    <th>Trace</th>
                    <th>Result</th>
                </tr>
                    <tr>
                        <td>
                            <pre class="log">Given Edit ProductId is 4 with name is Test Name1</pre>
                        </td>
                        <td>
                            <!-- [TestArrange: Scenario - Product Edit] -->
                            <pre class="log">done: ProductTestSteps.editProduct(4, &quot;Test Name1&quot;) (0,2s)</pre>
                        </td>
                        <td>Succeeded in 0.2s</td>
                    </tr>
                    <tr>
                        <td>
                            <pre class="log">When Find product which name is Test Name1 and id 4</pre>
                        </td>
                        <td>
                            <!-- [TestAct: Scenario - Product Edit] -->
                            <pre class="log">done: ProductTestSteps.TestName(&quot;Test Name1&quot;, 4) (0,0s)</pre>
                        </td>
                        <td>Succeeded in 0.05s</td>
                    </tr>
                    <tr>
                        <td>
                            <pre class="log">Then the Product result should be true</pre>
                        </td>
                        <td>
                            <!-- [TestAssert: Scenario - Product Edit] -->
                            <pre class="log">done: ProductTestSteps.ThenTheResultShouldBe(True) (0,0s)</pre>
                        </td>
                        <td>Succeeded in 0.001s</td>
                    </tr>
            </table>
            <a name="t-1360338585.0" />
            <h3>Scenario: Product Delete (in Functional.Testing, Product)</h3>
            <ul>
                <li>Status: Succeeded</li>
                <li>Start time: 3.01.2022 23:57:20</li>
                <li>Execution time (sec): 0,2459136</li>
                <li>Thread: #0</li>
            </ul>
            <table class="testEvents">
                <tr>
                    <th>Steps</th>
                    <th>Trace</th>
                    <th>Result</th>
                </tr>
                    <tr>
                        <td>
                            <pre class="log">Given Delete Product Name is Test</pre>
                        </td>
                        <td>
                            <!-- [TestArrange: Scenario - Product Delete] -->
                            <pre class="log">done: ProductTestSteps.deleteProduct(&quot;Test&quot;) (0,2s)</pre>
                        </td>
                        <td>Succeeded in 0.193s</td>
                    </tr>
                    <tr>
                        <td>
                            <pre class="log">When Find Product Name is Test</pre>
                        </td>
                        <td>
                            <!-- [TestAct: Scenario - Product Delete] -->
                            <pre class="log">done: ProductTestSteps.FindId(&quot;Test&quot;) (0,0s)</pre>
                        </td>
                        <td>Succeeded in 0.05s</td>
                    </tr>
                    <tr>
                        <td>
                            <pre class="log">Then the Product result should be true</pre>
                        </td>
                        <td>
                            <!-- [TestAssert: Scenario - Product Delete] -->
                            <pre class="log">done: ProductTestSteps.ThenTheResultShouldBe(True) (0,0s)</pre>
                        </td>
                        <td>Succeeded in 0.001s</td>
                    </tr>
            </table>
            <a name="t-1517790467.0" />
            <h3>Scenario: Product Exist (in Functional.Testing, Product)</h3>
            <ul>
                <li>Status: Succeeded</li>
                <li>Start time: 3.01.2022 23:57:21</li>
                <li>Execution time (sec): 0,0561344</li>
                <li>Thread: #0</li>
            </ul>
            <table class="testEvents">
                <tr>
                    <th>Steps</th>
                    <th>Trace</th>
                    <th>Result</th>
                </tr>
                    <tr>
                        <td>
                            <pre class="log">Given ProductId is 2</pre>
                        </td>
                        <td>
                            <!-- [TestArrange: Scenario - Product Exist] -->
                            <pre class="log">done: ProductTestSteps.productExists(2) (0,0s)</pre>
                        </td>
                        <td>Succeeded in 0.05s</td>
                    </tr>
                    <tr>
                        <td>
                            <pre class="log">When Find product</pre>
                        </td>
                        <td>
                            <!-- [TestAct: Scenario - Product Exist] -->
                            <pre class="log">done: ProductTestSteps.itHas() (0,0s)</pre>
                        </td>
                        <td>Succeeded in 0.002s</td>
                    </tr>
                    <tr>
                        <td>
                            <pre class="log">Then the Product result should be true</pre>
                        </td>
                        <td>
                            <!-- [TestAssert: Scenario - Product Exist] -->
                            <pre class="log">done: ProductTestSteps.ThenTheResultShouldBe(True) (0,0s)</pre>
                        </td>
                        <td>Succeeded in 0.001s</td>
                    </tr>
            </table>
            <a name="t-1238715247.0" />
            <h3>Scenario: Index Function Test (in Functional.Testing, Product Transaction)</h3>
            <ul>
                <li>Status: Succeeded</li>
                <li>Start time: 3.01.2022 23:57:21</li>
                <li>Execution time (sec): 0,0082344</li>
                <li>Thread: #0</li>
            </ul>
            <table class="testEvents">
                <tr>
                    <th>Steps</th>
                    <th>Trace</th>
                    <th>Result</th>
                </tr>
                    <tr>
                        <td>
                            <pre class="log">Given Product Transaction have Product and Quantity</pre>
                        </td>
                        <td>
                            <!-- [TestArrange: Scenario - Index Function Test] -->
                            <pre class="log">done: ProductTransactionSteps.GivenProductTransactionHaveProductAndQuantity() (0,0s)</pre>
                        </td>
                        <td>Succeeded in 0.005s</td>
                    </tr>
                    <tr>
                        <td>
                            <pre class="log">Then the Product Transaction result should be true</pre>
                        </td>
                        <td>
                            <!-- [TestAssert: Scenario - Index Function Test] -->
                            <pre class="log">done: ProductTransactionSteps.ThenTheProductTransactionResultShouldBeTrue(True) (0,0s)</pre>
                        </td>
                        <td>Succeeded in 0.001s</td>
                    </tr>
            </table>
            <a name="t-1016153175.0" />
            <h3>Scenario: Product detail has (in Functional.Testing, Product Transaction)</h3>
            <ul>
                <li>Status: Succeeded</li>
                <li>Start time: 3.01.2022 23:57:21</li>
                <li>Execution time (sec): 0,0878732</li>
                <li>Thread: #0</li>
            </ul>
            <table class="testEvents">
                <tr>
                    <th>Steps</th>
                    <th>Trace</th>
                    <th>Result</th>
                </tr>
                    <tr>
                        <td>
                            <pre class="log">Given Product Transaction Id is 100001</pre>
                        </td>
                        <td>
                            <!-- [TestArrange: Scenario - Product detail has] -->
                            <pre class="log">done: ProductTransactionSteps.GivenProductTransactionIds(100001) (0,0s)</pre>
                        </td>
                        <td>Succeeded in 0.004s</td>
                    </tr>
                    <tr>
                        <td>
                            <pre class="log">When Find Product Transaction detail</pre>
                        </td>
                        <td>
                            <!-- [TestAct: Scenario - Product detail has] -->
                            <pre class="log">done: ProductTransactionSteps.WhenFindProductTransactionDetail() (0,1s)</pre>
                        </td>
                        <td>Succeeded in 0.081s</td>
                    </tr>
                    <tr>
                        <td>
                            <pre class="log">Then the Product Transaction result should be true</pre>
                        </td>
                        <td>
                            <!-- [TestAssert: Scenario - Product detail has] -->
                            <pre class="log">done: ProductTransactionSteps.ThenTheProductTransactionResultShouldBeTrue(True) (0,0s)</pre>
                        </td>
                        <td>Succeeded in 0.001s</td>
                    </tr>
            </table>
            <a name="t777899514.0" />
            <h3>Scenario: Index Function Test (in Functional.Testing, Profit)</h3>
            <ul>
                <li>Status: Succeeded</li>
                <li>Start time: 3.01.2022 23:57:21</li>
                <li>Execution time (sec): 0,0072533</li>
                <li>Thread: #0</li>
            </ul>
            <table class="testEvents">
                <tr>
                    <th>Steps</th>
                    <th>Trace</th>
                    <th>Result</th>
                </tr>
                    <tr>
                        <td>
                            <pre class="log">Given Profit have BusinessEntity</pre>
                        </td>
                        <td>
                            <!-- [TestArrange: Scenario - Index Function Test] -->
                            <pre class="log">done: ProfitSteps.GivenProfitHaveBusinessEntity() (0,0s)</pre>
                        </td>
                        <td>Succeeded in 0.004s</td>
                    </tr>
                    <tr>
                        <td>
                            <pre class="log">Then the Profit result should be true</pre>
                        </td>
                        <td>
                            <!-- [TestAssert: Scenario - Index Function Test] -->
                            <pre class="log">done: ProfitSteps.ThenTheProfitResultShouldBeTrue(True) (0,0s)</pre>
                        </td>
                        <td>Succeeded in 0.002s</td>
                    </tr>
            </table>
            <a name="t458449089.0" />
            <h3>Scenario: Profit detail has (in Functional.Testing, Profit)</h3>
            <ul>
                <li>Status: Succeeded</li>
                <li>Start time: 3.01.2022 23:57:21</li>
                <li>Execution time (sec): 0,0524684</li>
                <li>Thread: #0</li>
            </ul>
            <table class="testEvents">
                <tr>
                    <th>Steps</th>
                    <th>Trace</th>
                    <th>Result</th>
                </tr>
                    <tr>
                        <td>
                            <pre class="log">Given Profit Id is 1</pre>
                        </td>
                        <td>
                            <!-- [TestArrange: Scenario - Profit detail has] -->
                            <pre class="log">done: ProfitSteps.GivenProfitIds(1) (0,0s)</pre>
                        </td>
                        <td>Succeeded in 0.003s</td>
                    </tr>
                    <tr>
                        <td>
                            <pre class="log">When Find Profit detail</pre>
                        </td>
                        <td>
                            <!-- [TestAct: Scenario - Profit detail has] -->
                            <pre class="log">done: ProfitSteps.WhenFindProfitDetail() (0,0s)</pre>
                        </td>
                        <td>Succeeded in 0.047s</td>
                    </tr>
                    <tr>
                        <td>
                            <pre class="log">Then the Profit result should be true</pre>
                        </td>
                        <td>
                            <!-- [TestAssert: Scenario - Profit detail has] -->
                            <pre class="log">done: ProfitSteps.ThenTheProfitResultShouldBeTrue(True) (0,0s)</pre>
                        </td>
                        <td>Succeeded in 0.001s</td>
                    </tr>
            </table>
            <a name="t-1832785944.0" />
            <h3>Scenario: Profit Create (in Functional.Testing, Profit)</h3>
            <ul>
                <li>Status: Succeeded</li>
                <li>Start time: 3.01.2022 23:57:21</li>
                <li>Execution time (sec): 0,2573943</li>
                <li>Thread: #0</li>
            </ul>
            <table class="testEvents">
                <tr>
                    <th>Steps</th>
                    <th>Trace</th>
                    <th>Result</th>
                </tr>
                    <tr>
                        <td>
                            <pre class="log">Given Create Profit</pre>
                        </td>
                        <td>
                            <!-- [TestArrange: Scenario - Profit Create] -->
                            <pre class="log">done: ProfitSteps.GivenCreateProfit() (0,2s)</pre>
                        </td>
                        <td>Succeeded in 0.206s</td>
                    </tr>
                    <tr>
                        <td>
                            <pre class="log">When Check created Profit has</pre>
                        </td>
                        <td>
                            <!-- [TestAct: Scenario - Profit Create] -->
                            <pre class="log">done: ProfitSteps.WhenCheckCreatedProfitHas() (0,0s)</pre>
                        </td>
                        <td>Succeeded in 0.048s</td>
                    </tr>
                    <tr>
                        <td>
                            <pre class="log">Then the Profit result should be true</pre>
                        </td>
                        <td>
                            <!-- [TestAssert: Scenario - Profit Create] -->
                            <pre class="log">done: ProfitSteps.ThenTheProfitResultShouldBeTrue(True) (0,0s)</pre>
                        </td>
                        <td>Succeeded in 0.002s</td>
                    </tr>
            </table>
            <a name="t-1886539520.0" />
            <h3>Scenario: Profit Edit (in Functional.Testing, Profit)</h3>
            <ul>
                <li>Status: Succeeded</li>
                <li>Start time: 3.01.2022 23:57:21</li>
                <li>Execution time (sec): 0,2455896</li>
                <li>Thread: #0</li>
            </ul>
            <table class="testEvents">
                <tr>
                    <th>Steps</th>
                    <th>Trace</th>
                    <th>Result</th>
                </tr>
                    <tr>
                        <td>
                            <pre class="log">Given Edit ProfitId is 1 with MaxOrderQty is 55</pre>
                        </td>
                        <td>
                            <!-- [TestArrange: Scenario - Profit Edit] -->
                            <pre class="log">done: ProfitSteps.GivenEditProfitIdsWithNamesTestTitle(1, 55) (0,2s)</pre>
                        </td>
                        <td>Succeeded in 0.196s</td>
                    </tr>
                    <tr>
                        <td>
                            <pre class="log">When Find Profit which MaxOrderQty is 55 and id 1</pre>
                        </td>
                        <td>
                            <!-- [TestAct: Scenario - Profit Edit] -->
                            <pre class="log">done: ProfitSteps.WhenFindProfitWhichNamesTestTitleAndd(55, 1) (0,0s)</pre>
                        </td>
                        <td>Succeeded in 0.048s</td>
                    </tr>
                    <tr>
                        <td>
                            <pre class="log">Then the Profit result should be true</pre>
                        </td>
                        <td>
                            <!-- [TestAssert: Scenario - Profit Edit] -->
                            <pre class="log">done: ProfitSteps.ThenTheProfitResultShouldBeTrue(True) (0,0s)</pre>
                        </td>
                        <td>Succeeded in 0.001s</td>
                    </tr>
            </table>
            <a name="t704931235.0" />
            <h3>Scenario: Profit Delete (in Functional.Testing, Profit)</h3>
            <ul>
                <li>Status: Succeeded</li>
                <li>Start time: 3.01.2022 23:57:21</li>
                <li>Execution time (sec): 0,2547596</li>
                <li>Thread: #0</li>
            </ul>
            <table class="testEvents">
                <tr>
                    <th>Steps</th>
                    <th>Trace</th>
                    <th>Result</th>
                </tr>
                    <tr>
                        <td>
                            <pre class="log">Given Delete Profit BusinessEntityId is 1698</pre>
                        </td>
                        <td>
                            <!-- [TestArrange: Scenario - Profit Delete] -->
                            <pre class="log">done: ProfitSteps.GivenDeleteProfitProfitIds(1698) (0,2s)</pre>
                        </td>
                        <td>Succeeded in 0.197s</td>
                    </tr>
                    <tr>
                        <td>
                            <pre class="log">When Find Profit BusinessEntityId is 1698</pre>
                        </td>
                        <td>
                            <!-- [TestAct: Scenario - Profit Delete] -->
                            <pre class="log">done: ProfitSteps.WhenFindProfitProfitIds(1698) (0,1s)</pre>
                        </td>
                        <td>Succeeded in 0.055s</td>
                    </tr>
                    <tr>
                        <td>
                            <pre class="log">Then the Profit result should be true</pre>
                        </td>
                        <td>
                            <!-- [TestAssert: Scenario - Profit Delete] -->
                            <pre class="log">done: ProfitSteps.ThenTheProfitResultShouldBeTrue(True) (0,0s)</pre>
                        </td>
                        <td>Succeeded in 0.001s</td>
                    </tr>
            </table>
            <a name="t190066905.0" />
            <h3>Scenario: Profit Exist (in Functional.Testing, Profit)</h3>
            <ul>
                <li>Status: Succeeded</li>
                <li>Start time: 3.01.2022 23:57:22</li>
                <li>Execution time (sec): 0,0532964</li>
                <li>Thread: #0</li>
            </ul>
            <table class="testEvents">
                <tr>
                    <th>Steps</th>
                    <th>Trace</th>
                    <th>Result</th>
                </tr>
                    <tr>
                        <td>
                            <pre class="log">Given Profit Id is 4</pre>
                        </td>
                        <td>
                            <!-- [TestArrange: Scenario - Profit Exist] -->
                            <pre class="log">done: ProfitSteps.GivenProfitIds(4) (0,0s)</pre>
                        </td>
                        <td>Succeeded in 0.003s</td>
                    </tr>
                    <tr>
                        <td>
                            <pre class="log">When Find Profit</pre>
                        </td>
                        <td>
                            <!-- [TestAct: Scenario - Profit Exist] -->
                            <pre class="log">done: ProfitSteps.WhenFindProfit() (0,0s)</pre>
                        </td>
                        <td>Succeeded in 0.047s</td>
                    </tr>
                    <tr>
                        <td>
                            <pre class="log">Then the Profit result should be true</pre>
                        </td>
                        <td>
                            <!-- [TestAssert: Scenario - Profit Exist] -->
                            <pre class="log">done: ProfitSteps.ThenTheProfitResultShouldBeTrue(True) (0,0s)</pre>
                        </td>
                        <td>Succeeded in 0.001s</td>
                    </tr>
            </table>
            <a name="t-855746870.0" />
            <h3>Scenario: Index Function Test (in Functional.Testing, Sales Territories)</h3>
            <ul>
                <li>Status: Succeeded</li>
                <li>Start time: 3.01.2022 23:57:22</li>
                <li>Execution time (sec): 0,0059115</li>
                <li>Thread: #0</li>
            </ul>
            <table class="testEvents">
                <tr>
                    <th>Steps</th>
                    <th>Trace</th>
                    <th>Result</th>
                </tr>
                    <tr>
                        <td>
                            <pre class="log">Given Sales Territories have CountryRegionCodeNavigation</pre>
                        </td>
                        <td>
                            <!-- [TestArrange: Scenario - Index Function Test] -->
                            <pre class="log">done: SalesTerritoriesSteps.GivenSalesTerritoriesHaveProductAndQuantity() (0,0s)</pre>
                        </td>
                        <td>Succeeded in 0.003s</td>
                    </tr>
                    <tr>
                        <td>
                            <pre class="log">Then the Sales Territories result should be true</pre>
                        </td>
                        <td>
                            <!-- [TestAssert: Scenario - Index Function Test] -->
                            <pre class="log">done: SalesTerritoriesSteps.ThenTheSalesTerritoriesResultShouldBeTrue(True) (0,0s)</pre>
                        </td>
                        <td>Succeeded in 0.001s</td>
                    </tr>
            </table>
            <a name="t-1990192823.0" />
            <h3>Scenario: Sales Territories detail has (in Functional.Testing, Sales Territories)</h3>
            <ul>
                <li>Status: Succeeded</li>
                <li>Start time: 3.01.2022 23:57:22</li>
                <li>Execution time (sec): 0,0730556</li>
                <li>Thread: #0</li>
            </ul>
            <table class="testEvents">
                <tr>
                    <th>Steps</th>
                    <th>Trace</th>
                    <th>Result</th>
                </tr>
                    <tr>
                        <td>
                            <pre class="log">Given Sales Territories Id is 1</pre>
                        </td>
                        <td>
                            <!-- [TestArrange: Scenario - Sales Territories detail has] -->
                            <pre class="log">done: SalesTerritoriesSteps.GivenSalesTerritoriesIds(1) (0,0s)</pre>
                        </td>
                        <td>Succeeded in 0.004s</td>
                    </tr>
                    <tr>
                        <td>
                            <pre class="log">When Find Sales Territories detail</pre>
                        </td>
                        <td>
                            <!-- [TestAct: Scenario - Sales Territories detail has] -->
                            <pre class="log">done: SalesTerritoriesSteps.WhenFindSalesTerritoriesDetail() (0,1s)</pre>
                        </td>
                        <td>Succeeded in 0.067s</td>
                    </tr>
                    <tr>
                        <td>
                            <pre class="log">Then the Sales Territories result should be true</pre>
                        </td>
                        <td>
                            <!-- [TestAssert: Scenario - Sales Territories detail has] -->
                            <pre class="log">done: SalesTerritoriesSteps.ThenTheSalesTerritoriesResultShouldBeTrue(True) (0,0s)</pre>
                        </td>
                        <td>Succeeded in 0.001s</td>
                    </tr>
            </table>
            <a name="t1474285825.0" />
            <h3>Scenario: Index Function Test (in Functional.Testing, WareHause)</h3>
            <ul>
                <li>Status: Succeeded</li>
                <li>Start time: 3.01.2022 23:57:22</li>
                <li>Execution time (sec): 0,0057964</li>
                <li>Thread: #0</li>
            </ul>
            <table class="testEvents">
                <tr>
                    <th>Steps</th>
                    <th>Trace</th>
                    <th>Result</th>
                </tr>
                    <tr>
                        <td>
                            <pre class="log">Given WareHause have Product and Location</pre>
                        </td>
                        <td>
                            <!-- [TestArrange: Scenario - Index Function Test] -->
                            <pre class="log">done: WareHauseSteps.GivenWareHauseHaveProductAndLocation() (0,0s)</pre>
                        </td>
                        <td>Succeeded in 0.003s</td>
                    </tr>
                    <tr>
                        <td>
                            <pre class="log">Then the WareHause result should be true</pre>
                        </td>
                        <td>
                            <!-- [TestAssert: Scenario - Index Function Test] -->
                            <pre class="log">done: WareHauseSteps.ThenTheWareHauseResultShouldBeTrue(True) (0,0s)</pre>
                        </td>
                        <td>Succeeded in 0.001s</td>
                    </tr>
            </table>
            <a name="t332962952.0" />
            <h3>Scenario: WareHause Create (in Functional.Testing, WareHause)</h3>
            <ul>
                <li>Status: Failed</li>
                <li>Start time: 3.01.2022 23:57:22</li>
                <li>Execution time (sec): 0,2087789</li>
                <li>Thread: #0</li>
                <li>Error: An error occurred while updating the entries. See the inner exception for details. -&gt; Violation of PRIMARY KEY constraint &#39;PK_ProductInventory_ProductID_LocationID&#39;. Cannot insert duplicate key in object &#39;Production.ProductInventory&#39;. The duplicate key value is (512, 1).
The statement has been terminated.</li>
            </ul>
            <table class="testEvents">
                <tr>
                    <th>Steps</th>
                    <th>Trace</th>
                    <th>Result</th>
                </tr>
                    <tr>
                        <td>
                            <pre class="log">Given Create WareHause</pre>
                        </td>
                        <td>
                            <!-- [TestArrange: Scenario - WareHause Create] -->
                            <pre class="log">error: An error occurred while updating the entries. See the inner exception for details. (0,2s)</pre>
                                <div class="errorMessage">An error occurred while updating the entries. See the inner exception for details. -&gt; Violation of PRIMARY KEY constraint 'PK_ProductInventory_ProductID_LocationID'. Cannot insert duplicate key in object 'Production.ProductInventory'. The duplicate key value is (512, 1).
The statement has been terminated.</div>
                                <pre class="stackTrace">Microsoft.EntityFrameworkCore.DbUpdateException: An error occurred while updating the entries. See the inner exception for details.
 ---&gt; Microsoft.Data.SqlClient.SqlException (0x80131904): Violation of PRIMARY KEY constraint 'PK_ProductInventory_ProductID_LocationID'. Cannot insert duplicate key in object 'Production.ProductInventory'. The duplicate key value is (512, 1).
The statement has been terminated.
   at Microsoft.Data.SqlClient.SqlCommand.&lt;&gt;c.&lt;ExecuteDbDataReaderAsync&gt;b__169_0(Task`1 result) in H:\tsaagent1\_work\21\s\src\Microsoft.Data.SqlClient\netcore\src\Microsoft\Data\SqlClient\SqlCommand.cs:line 2310
   at System.Threading.Tasks.ContinuationResultTaskFromResultTask`2.InnerInvoke()
   at System.Threading.ExecutionContext.RunInternal(ExecutionContext executionContext, ContextCallback callback, Object state)
--- End of stack trace from previous location ---
   at System.Threading.Tasks.Task.ExecuteWithThreadLocal(Task&amp; currentTaskSlot, Thread threadPoolThread)
--- End of stack trace from previous location ---
   at Microsoft.EntityFrameworkCore.Storage.RelationalCommand.ExecuteReaderAsync(RelationalCommandParameterObject parameterObject, CancellationToken cancellationToken)
   at Microsoft.EntityFrameworkCore.Storage.RelationalCommand.ExecuteReaderAsync(RelationalCommandParameterObject parameterObject, CancellationToken cancellationToken)
   at Microsoft.EntityFrameworkCore.Update.ReaderModificationCommandBatch.ExecuteAsync(IRelationalConnection connection, CancellationToken cancellationToken)
ClientConnectionId:cc7ad0a9-ad9b-4857-82eb-0be774265321
Error Number:2627,State:1,Class:14
   --- End of inner exception stack trace ---
   at Microsoft.EntityFrameworkCore.Update.ReaderModificationCommandBatch.ExecuteAsync(IRelationalConnection connection, CancellationToken cancellationToken)
   at Microsoft.EntityFrameworkCore.Update.Internal.BatchExecutor.ExecuteAsync(IEnumerable`1 commandBatches, IRelationalConnection connection, CancellationToken cancellationToken)
   at Microsoft.EntityFrameworkCore.Update.Internal.BatchExecutor.ExecuteAsync(IEnumerable`1 commandBatches, IRelationalConnection connection, CancellationToken cancellationToken)
   at Microsoft.EntityFrameworkCore.Update.Internal.BatchExecutor.ExecuteAsync(IEnumerable`1 commandBatches, IRelationalConnection connection, CancellationToken cancellationToken)
   at Microsoft.EntityFrameworkCore.ChangeTracking.Internal.StateManager.SaveChangesAsync(IList`1 entriesToSave, CancellationToken cancellationToken)
   at Microsoft.EntityFrameworkCore.ChangeTracking.Internal.StateManager.SaveChangesAsync(DbContext _, Boolean acceptAllChangesOnSuccess, CancellationToken cancellationToken)
   at Microsoft.EntityFrameworkCore.SqlServer.Storage.Internal.SqlServerExecutionStrategy.ExecuteAsync[TState,TResult](TState state, Func`4 operation, Func`4 verifySucceeded, CancellationToken cancellationToken)
   at Microsoft.EntityFrameworkCore.DbContext.SaveChangesAsync(Boolean acceptAllChangesOnSuccess, CancellationToken cancellationToken)
   at Microsoft.EntityFrameworkCore.DbContext.SaveChangesAsync(Boolean acceptAllChangesOnSuccess, CancellationToken cancellationToken)
   at Functional.Testing.Steps.WareHauseSteps.GivenCreateWareHause() in C:\Users\Olcay\OneDrive\Masa&#252;st&#252;\sa\Functional.Testing\Steps\WareHauseSteps.cs:line 39
   at TechTalk.SpecFlow.Bindings.SynchronousBindingDelegateInvoker.&lt;&gt;c__DisplayClass2_0.&lt;&lt;InvokeBindingDelegateAsync&gt;b__0&gt;d.MoveNext() in D:\a\1\s\TechTalk.SpecFlow\Bindings\SynchronousBindingDelegateInvoker.cs:line 31
--- End of stack trace from previous location ---
   at TechTalk.SpecFlow.Bindings.AsyncHelpers.&lt;&gt;c__DisplayClass1_0`1.&lt;&lt;RunSync&gt;b__0&gt;d.MoveNext() in D:\a\1\s\TechTalk.SpecFlow\Bindings\AsyncHelpers.cs:line 59
--- End of stack trace from previous location ---
   at TechTalk.SpecFlow.Bindings.AsyncHelpers.ExclusiveSynchronizationContext.BeginMessageLoop() in D:\a\1\s\TechTalk.SpecFlow\Bindings\AsyncHelpers.cs:line 125
   at TechTalk.SpecFlow.Bindings.AsyncHelpers.RunSync[T](Func`1 task) in D:\a\1\s\TechTalk.SpecFlow\Bindings\AsyncHelpers.cs:line 71
   at TechTalk.SpecFlow.Bindings.SynchronousBindingDelegateInvoker.InvokeBindingDelegateAsync(Delegate bindingDelegate, Object[] invokeArgs) in D:\a\1\s\TechTalk.SpecFlow\Bindings\SynchronousBindingDelegateInvoker.cs:line 27
   at TechTalk.SpecFlow.Bindings.SynchronousBindingDelegateInvoker.InvokeDelegateSynchronously(Delegate bindingDelegate, Object[] invokeArgs) in D:\a\1\s\TechTalk.SpecFlow\Bindings\SynchronousBindingDelegateInvoker.cs:line 16
   at TechTalk.SpecFlow.Bindings.BindingInvoker.InvokeBinding(IBinding binding, IContextManager contextManager, Object[] arguments, ITestTracer testTracer, TimeSpan&amp; duration) in D:\a\1\s\TechTalk.SpecFlow\Bindings\BindingInvoker.cs:line 48
   at TechTalk.SpecFlow.Infrastructure.TestExecutionEngine.ExecuteStepMatch(BindingMatch match, Object[] arguments, TimeSpan&amp; duration) in D:\a\1\s\TechTalk.SpecFlow\Infrastructure\TestExecutionEngine.cs:line 618
   at TechTalk.SpecRun.SpecFlowPlugin.Runtime.RunnerTestExecutionEngine.ExecuteStepMatch(BindingMatch match, Object[] arguments, TimeSpan&amp; duration)
   at TechTalk.SpecFlow.Infrastructure.TestExecutionEngine.ExecuteStep(IContextManager contextManager, StepInstance stepInstance) in D:\a\1\s\TechTalk.SpecFlow\Infrastructure\TestExecutionEngine.cs:line 531
   at TechTalk.SpecFlow.Infrastructure.TestExecutionEngine.OnAfterLastStep() in D:\a\1\s\TechTalk.SpecFlow\Infrastructure\TestExecutionEngine.cs:line 286
   at TechTalk.SpecRun.SpecFlowPlugin.Runtime.RunnerTestExecutionEngine.OnAfterLastStep()
   at TechTalk.SpecFlow.TestRunner.CollectScenarioErrors() in D:\a\1\s\TechTalk.SpecFlow\TestRunner.cs:line 59
   at Functional.Testing.Features.WareHauseFeature.ScenarioCleanup()
   at Functional.Testing.Features.WareHauseFeature.WareHauseCreate() in C:\Users\Olcay\OneDrive\Masa&#252;st&#252;\sa\Functional.Testing\Features\WareHauseTest.feature:line 11
   at TechTalk.SpecRun.Framework.TaskExecutors.StaticOrInstanceMethodExecutor.ExecuteInternal(ITestThreadExecutionContext testThreadExecutionContext)
   at TechTalk.SpecRun.Framework.TaskExecutors.StaticOrInstanceMethodExecutor.Execute(ITestThreadExecutionContext testThreadExecutionContext)
   at TechTalk.SpecRun.Framework.TestNodeTask.Execute()</pre>
                        </td>
                        <td>Failed in 0.204s</td>
                    </tr>
                    <tr>
                        <td>
                            <pre class="log">When Check created WareHause has</pre>
                        </td>
                        <td>
                            <!-- [TestAct: Scenario - WareHause Create] -->
                            <pre class="log">skipped because of previous errors</pre>
                        </td>
                        <td>Skipped in 0.001s</td>
                    </tr>
                    <tr>
                        <td>
                            <pre class="log">Then the WareHause result should be true</pre>
                        </td>
                        <td>
                            <!-- [TestAssert: Scenario - WareHause Create] -->
                            <pre class="log">skipped because of previous errors</pre>
                        </td>
                        <td>Skipped in 0.002s</td>
                    </tr>
            </table>
            <a name="t332962952.1" />
            <h3>Scenario: WareHause Create (in Functional.Testing, WareHause) retry #1</h3>
            <ul>
                <li>Status: Failed</li>
                <li>Start time: 3.01.2022 23:57:22</li>
                <li>Execution time (sec): 0,1850826</li>
                <li>Thread: #0</li>
                <li>Error: An error occurred while updating the entries. See the inner exception for details. -&gt; Violation of PRIMARY KEY constraint &#39;PK_ProductInventory_ProductID_LocationID&#39;. Cannot insert duplicate key in object &#39;Production.ProductInventory&#39;. The duplicate key value is (512, 1).
The statement has been terminated.</li>
            </ul>
            <table class="testEvents">
                <tr>
                    <th>Steps</th>
                    <th>Trace</th>
                    <th>Result</th>
                </tr>
                    <tr>
                        <td>
                            <pre class="log">Given Create WareHause</pre>
                        </td>
                        <td>
                            <!-- [TestArrange: Scenario - WareHause Create] -->
                            <pre class="log">error: An error occurred while updating the entries. See the inner exception for details. (0,2s)</pre>
                                <div class="errorMessage">An error occurred while updating the entries. See the inner exception for details. -&gt; Violation of PRIMARY KEY constraint 'PK_ProductInventory_ProductID_LocationID'. Cannot insert duplicate key in object 'Production.ProductInventory'. The duplicate key value is (512, 1).
The statement has been terminated.</div>
                                <pre class="stackTrace">Microsoft.EntityFrameworkCore.DbUpdateException: An error occurred while updating the entries. See the inner exception for details.
 ---&gt; Microsoft.Data.SqlClient.SqlException (0x80131904): Violation of PRIMARY KEY constraint 'PK_ProductInventory_ProductID_LocationID'. Cannot insert duplicate key in object 'Production.ProductInventory'. The duplicate key value is (512, 1).
The statement has been terminated.
   at Microsoft.Data.SqlClient.SqlCommand.&lt;&gt;c.&lt;ExecuteDbDataReaderAsync&gt;b__169_0(Task`1 result) in H:\tsaagent1\_work\21\s\src\Microsoft.Data.SqlClient\netcore\src\Microsoft\Data\SqlClient\SqlCommand.cs:line 2310
   at System.Threading.Tasks.ContinuationResultTaskFromResultTask`2.InnerInvoke()
   at System.Threading.ExecutionContext.RunInternal(ExecutionContext executionContext, ContextCallback callback, Object state)
--- End of stack trace from previous location ---
   at System.Threading.Tasks.Task.ExecuteWithThreadLocal(Task&amp; currentTaskSlot, Thread threadPoolThread)
--- End of stack trace from previous location ---
   at Microsoft.EntityFrameworkCore.Storage.RelationalCommand.ExecuteReaderAsync(RelationalCommandParameterObject parameterObject, CancellationToken cancellationToken)
   at Microsoft.EntityFrameworkCore.Storage.RelationalCommand.ExecuteReaderAsync(RelationalCommandParameterObject parameterObject, CancellationToken cancellationToken)
   at Microsoft.EntityFrameworkCore.Update.ReaderModificationCommandBatch.ExecuteAsync(IRelationalConnection connection, CancellationToken cancellationToken)
ClientConnectionId:cc7ad0a9-ad9b-4857-82eb-0be774265321
Error Number:2627,State:1,Class:14
   --- End of inner exception stack trace ---
   at Microsoft.EntityFrameworkCore.Update.ReaderModificationCommandBatch.ExecuteAsync(IRelationalConnection connection, CancellationToken cancellationToken)
   at Microsoft.EntityFrameworkCore.Update.Internal.BatchExecutor.ExecuteAsync(IEnumerable`1 commandBatches, IRelationalConnection connection, CancellationToken cancellationToken)
   at Microsoft.EntityFrameworkCore.Update.Internal.BatchExecutor.ExecuteAsync(IEnumerable`1 commandBatches, IRelationalConnection connection, CancellationToken cancellationToken)
   at Microsoft.EntityFrameworkCore.Update.Internal.BatchExecutor.ExecuteAsync(IEnumerable`1 commandBatches, IRelationalConnection connection, CancellationToken cancellationToken)
   at Microsoft.EntityFrameworkCore.ChangeTracking.Internal.StateManager.SaveChangesAsync(IList`1 entriesToSave, CancellationToken cancellationToken)
   at Microsoft.EntityFrameworkCore.ChangeTracking.Internal.StateManager.SaveChangesAsync(DbContext _, Boolean acceptAllChangesOnSuccess, CancellationToken cancellationToken)
   at Microsoft.EntityFrameworkCore.SqlServer.Storage.Internal.SqlServerExecutionStrategy.ExecuteAsync[TState,TResult](TState state, Func`4 operation, Func`4 verifySucceeded, CancellationToken cancellationToken)
   at Microsoft.EntityFrameworkCore.DbContext.SaveChangesAsync(Boolean acceptAllChangesOnSuccess, CancellationToken cancellationToken)
   at Microsoft.EntityFrameworkCore.DbContext.SaveChangesAsync(Boolean acceptAllChangesOnSuccess, CancellationToken cancellationToken)
   at Functional.Testing.Steps.WareHauseSteps.GivenCreateWareHause() in C:\Users\Olcay\OneDrive\Masa&#252;st&#252;\sa\Functional.Testing\Steps\WareHauseSteps.cs:line 39
   at TechTalk.SpecFlow.Bindings.SynchronousBindingDelegateInvoker.&lt;&gt;c__DisplayClass2_0.&lt;&lt;InvokeBindingDelegateAsync&gt;b__0&gt;d.MoveNext() in D:\a\1\s\TechTalk.SpecFlow\Bindings\SynchronousBindingDelegateInvoker.cs:line 31
--- End of stack trace from previous location ---
   at TechTalk.SpecFlow.Bindings.AsyncHelpers.&lt;&gt;c__DisplayClass1_0`1.&lt;&lt;RunSync&gt;b__0&gt;d.MoveNext() in D:\a\1\s\TechTalk.SpecFlow\Bindings\AsyncHelpers.cs:line 59
--- End of stack trace from previous location ---
   at TechTalk.SpecFlow.Bindings.AsyncHelpers.ExclusiveSynchronizationContext.BeginMessageLoop() in D:\a\1\s\TechTalk.SpecFlow\Bindings\AsyncHelpers.cs:line 125
   at TechTalk.SpecFlow.Bindings.AsyncHelpers.RunSync[T](Func`1 task) in D:\a\1\s\TechTalk.SpecFlow\Bindings\AsyncHelpers.cs:line 71
   at TechTalk.SpecFlow.Bindings.SynchronousBindingDelegateInvoker.InvokeBindingDelegateAsync(Delegate bindingDelegate, Object[] invokeArgs) in D:\a\1\s\TechTalk.SpecFlow\Bindings\SynchronousBindingDelegateInvoker.cs:line 27
   at TechTalk.SpecFlow.Bindings.SynchronousBindingDelegateInvoker.InvokeDelegateSynchronously(Delegate bindingDelegate, Object[] invokeArgs) in D:\a\1\s\TechTalk.SpecFlow\Bindings\SynchronousBindingDelegateInvoker.cs:line 16
   at TechTalk.SpecFlow.Bindings.BindingInvoker.InvokeBinding(IBinding binding, IContextManager contextManager, Object[] arguments, ITestTracer testTracer, TimeSpan&amp; duration) in D:\a\1\s\TechTalk.SpecFlow\Bindings\BindingInvoker.cs:line 48
   at TechTalk.SpecFlow.Infrastructure.TestExecutionEngine.ExecuteStepMatch(BindingMatch match, Object[] arguments, TimeSpan&amp; duration) in D:\a\1\s\TechTalk.SpecFlow\Infrastructure\TestExecutionEngine.cs:line 618
   at TechTalk.SpecRun.SpecFlowPlugin.Runtime.RunnerTestExecutionEngine.ExecuteStepMatch(BindingMatch match, Object[] arguments, TimeSpan&amp; duration)
   at TechTalk.SpecFlow.Infrastructure.TestExecutionEngine.ExecuteStep(IContextManager contextManager, StepInstance stepInstance) in D:\a\1\s\TechTalk.SpecFlow\Infrastructure\TestExecutionEngine.cs:line 531
   at TechTalk.SpecFlow.Infrastructure.TestExecutionEngine.OnAfterLastStep() in D:\a\1\s\TechTalk.SpecFlow\Infrastructure\TestExecutionEngine.cs:line 286
   at TechTalk.SpecRun.SpecFlowPlugin.Runtime.RunnerTestExecutionEngine.OnAfterLastStep()
   at TechTalk.SpecFlow.TestRunner.CollectScenarioErrors() in D:\a\1\s\TechTalk.SpecFlow\TestRunner.cs:line 59
   at Functional.Testing.Features.WareHauseFeature.ScenarioCleanup()
   at Functional.Testing.Features.WareHauseFeature.WareHauseCreate() in C:\Users\Olcay\OneDrive\Masa&#252;st&#252;\sa\Functional.Testing\Features\WareHauseTest.feature:line 11
   at TechTalk.SpecRun.Framework.TaskExecutors.StaticOrInstanceMethodExecutor.ExecuteInternal(ITestThreadExecutionContext testThreadExecutionContext)
   at TechTalk.SpecRun.Framework.TaskExecutors.StaticOrInstanceMethodExecutor.Execute(ITestThreadExecutionContext testThreadExecutionContext)
   at TechTalk.SpecRun.Framework.TestNodeTask.Execute()</pre>
                        </td>
                        <td>Failed in 0.18s</td>
                    </tr>
                    <tr>
                        <td>
                            <pre class="log">When Check created WareHause has</pre>
                        </td>
                        <td>
                            <!-- [TestAct: Scenario - WareHause Create] -->
                            <pre class="log">skipped because of previous errors</pre>
                        </td>
                        <td>Skipped in 0.001s</td>
                    </tr>
                    <tr>
                        <td>
                            <pre class="log">Then the WareHause result should be true</pre>
                        </td>
                        <td>
                            <!-- [TestAssert: Scenario - WareHause Create] -->
                            <pre class="log">skipped because of previous errors</pre>
                        </td>
                        <td>Skipped in 0.003s</td>
                    </tr>
            </table>
            <a name="t332962952.2" />
            <h3>Scenario: WareHause Create (in Functional.Testing, WareHause) retry #2</h3>
            <ul>
                <li>Status: Failed</li>
                <li>Start time: 3.01.2022 23:57:22</li>
                <li>Execution time (sec): 0,1838341</li>
                <li>Thread: #0</li>
                <li>Error: An error occurred while updating the entries. See the inner exception for details. -&gt; Violation of PRIMARY KEY constraint &#39;PK_ProductInventory_ProductID_LocationID&#39;. Cannot insert duplicate key in object &#39;Production.ProductInventory&#39;. The duplicate key value is (512, 1).
The statement has been terminated.</li>
            </ul>
            <table class="testEvents">
                <tr>
                    <th>Steps</th>
                    <th>Trace</th>
                    <th>Result</th>
                </tr>
                    <tr>
                        <td>
                            <pre class="log">Given Create WareHause</pre>
                        </td>
                        <td>
                            <!-- [TestArrange: Scenario - WareHause Create] -->
                            <pre class="log">error: An error occurred while updating the entries. See the inner exception for details. (0,2s)</pre>
                                <div class="errorMessage">An error occurred while updating the entries. See the inner exception for details. -&gt; Violation of PRIMARY KEY constraint 'PK_ProductInventory_ProductID_LocationID'. Cannot insert duplicate key in object 'Production.ProductInventory'. The duplicate key value is (512, 1).
The statement has been terminated.</div>
                                <pre class="stackTrace">Microsoft.EntityFrameworkCore.DbUpdateException: An error occurred while updating the entries. See the inner exception for details.
 ---&gt; Microsoft.Data.SqlClient.SqlException (0x80131904): Violation of PRIMARY KEY constraint 'PK_ProductInventory_ProductID_LocationID'. Cannot insert duplicate key in object 'Production.ProductInventory'. The duplicate key value is (512, 1).
The statement has been terminated.
   at Microsoft.Data.SqlClient.SqlCommand.&lt;&gt;c.&lt;ExecuteDbDataReaderAsync&gt;b__169_0(Task`1 result) in H:\tsaagent1\_work\21\s\src\Microsoft.Data.SqlClient\netcore\src\Microsoft\Data\SqlClient\SqlCommand.cs:line 2310
   at System.Threading.Tasks.ContinuationResultTaskFromResultTask`2.InnerInvoke()
   at System.Threading.ExecutionContext.RunInternal(ExecutionContext executionContext, ContextCallback callback, Object state)
--- End of stack trace from previous location ---
   at System.Threading.Tasks.Task.ExecuteWithThreadLocal(Task&amp; currentTaskSlot, Thread threadPoolThread)
--- End of stack trace from previous location ---
   at Microsoft.EntityFrameworkCore.Storage.RelationalCommand.ExecuteReaderAsync(RelationalCommandParameterObject parameterObject, CancellationToken cancellationToken)
   at Microsoft.EntityFrameworkCore.Storage.RelationalCommand.ExecuteReaderAsync(RelationalCommandParameterObject parameterObject, CancellationToken cancellationToken)
   at Microsoft.EntityFrameworkCore.Update.ReaderModificationCommandBatch.ExecuteAsync(IRelationalConnection connection, CancellationToken cancellationToken)
ClientConnectionId:cc7ad0a9-ad9b-4857-82eb-0be774265321
Error Number:2627,State:1,Class:14
   --- End of inner exception stack trace ---
   at Microsoft.EntityFrameworkCore.Update.ReaderModificationCommandBatch.ExecuteAsync(IRelationalConnection connection, CancellationToken cancellationToken)
   at Microsoft.EntityFrameworkCore.Update.Internal.BatchExecutor.ExecuteAsync(IEnumerable`1 commandBatches, IRelationalConnection connection, CancellationToken cancellationToken)
   at Microsoft.EntityFrameworkCore.Update.Internal.BatchExecutor.ExecuteAsync(IEnumerable`1 commandBatches, IRelationalConnection connection, CancellationToken cancellationToken)
   at Microsoft.EntityFrameworkCore.Update.Internal.BatchExecutor.ExecuteAsync(IEnumerable`1 commandBatches, IRelationalConnection connection, CancellationToken cancellationToken)
   at Microsoft.EntityFrameworkCore.ChangeTracking.Internal.StateManager.SaveChangesAsync(IList`1 entriesToSave, CancellationToken cancellationToken)
   at Microsoft.EntityFrameworkCore.ChangeTracking.Internal.StateManager.SaveChangesAsync(DbContext _, Boolean acceptAllChangesOnSuccess, CancellationToken cancellationToken)
   at Microsoft.EntityFrameworkCore.SqlServer.Storage.Internal.SqlServerExecutionStrategy.ExecuteAsync[TState,TResult](TState state, Func`4 operation, Func`4 verifySucceeded, CancellationToken cancellationToken)
   at Microsoft.EntityFrameworkCore.DbContext.SaveChangesAsync(Boolean acceptAllChangesOnSuccess, CancellationToken cancellationToken)
   at Microsoft.EntityFrameworkCore.DbContext.SaveChangesAsync(Boolean acceptAllChangesOnSuccess, CancellationToken cancellationToken)
   at Functional.Testing.Steps.WareHauseSteps.GivenCreateWareHause() in C:\Users\Olcay\OneDrive\Masa&#252;st&#252;\sa\Functional.Testing\Steps\WareHauseSteps.cs:line 39
   at TechTalk.SpecFlow.Bindings.SynchronousBindingDelegateInvoker.&lt;&gt;c__DisplayClass2_0.&lt;&lt;InvokeBindingDelegateAsync&gt;b__0&gt;d.MoveNext() in D:\a\1\s\TechTalk.SpecFlow\Bindings\SynchronousBindingDelegateInvoker.cs:line 31
--- End of stack trace from previous location ---
   at TechTalk.SpecFlow.Bindings.AsyncHelpers.&lt;&gt;c__DisplayClass1_0`1.&lt;&lt;RunSync&gt;b__0&gt;d.MoveNext() in D:\a\1\s\TechTalk.SpecFlow\Bindings\AsyncHelpers.cs:line 59
--- End of stack trace from previous location ---
   at TechTalk.SpecFlow.Bindings.AsyncHelpers.ExclusiveSynchronizationContext.BeginMessageLoop() in D:\a\1\s\TechTalk.SpecFlow\Bindings\AsyncHelpers.cs:line 125
   at TechTalk.SpecFlow.Bindings.AsyncHelpers.RunSync[T](Func`1 task) in D:\a\1\s\TechTalk.SpecFlow\Bindings\AsyncHelpers.cs:line 71
   at TechTalk.SpecFlow.Bindings.SynchronousBindingDelegateInvoker.InvokeBindingDelegateAsync(Delegate bindingDelegate, Object[] invokeArgs) in D:\a\1\s\TechTalk.SpecFlow\Bindings\SynchronousBindingDelegateInvoker.cs:line 27
   at TechTalk.SpecFlow.Bindings.SynchronousBindingDelegateInvoker.InvokeDelegateSynchronously(Delegate bindingDelegate, Object[] invokeArgs) in D:\a\1\s\TechTalk.SpecFlow\Bindings\SynchronousBindingDelegateInvoker.cs:line 16
   at TechTalk.SpecFlow.Bindings.BindingInvoker.InvokeBinding(IBinding binding, IContextManager contextManager, Object[] arguments, ITestTracer testTracer, TimeSpan&amp; duration) in D:\a\1\s\TechTalk.SpecFlow\Bindings\BindingInvoker.cs:line 48
   at TechTalk.SpecFlow.Infrastructure.TestExecutionEngine.ExecuteStepMatch(BindingMatch match, Object[] arguments, TimeSpan&amp; duration) in D:\a\1\s\TechTalk.SpecFlow\Infrastructure\TestExecutionEngine.cs:line 624
   at TechTalk.SpecFlow.Infrastructure.TestExecutionEngine.ExecuteStep(IContextManager contextManager, StepInstance stepInstance) in D:\a\1\s\TechTalk.SpecFlow\Infrastructure\TestExecutionEngine.cs:line 573
   at TechTalk.SpecFlow.Infrastructure.TestExecutionEngine.OnAfterLastStep() in D:\a\1\s\TechTalk.SpecFlow\Infrastructure\TestExecutionEngine.cs:line 286
   at TechTalk.SpecRun.SpecFlowPlugin.Runtime.RunnerTestExecutionEngine.OnAfterLastStep()
   at TechTalk.SpecFlow.TestRunner.CollectScenarioErrors() in D:\a\1\s\TechTalk.SpecFlow\TestRunner.cs:line 59
   at Functional.Testing.Features.WareHauseFeature.ScenarioCleanup()
   at Functional.Testing.Features.WareHauseFeature.WareHauseCreate() in C:\Users\Olcay\OneDrive\Masa&#252;st&#252;\sa\Functional.Testing\Features\WareHauseTest.feature:line 11
   at TechTalk.SpecRun.Framework.TaskExecutors.StaticOrInstanceMethodExecutor.ExecuteInternal(ITestThreadExecutionContext testThreadExecutionContext)
   at TechTalk.SpecRun.Framework.TaskExecutors.StaticOrInstanceMethodExecutor.Execute(ITestThreadExecutionContext testThreadExecutionContext)
   at TechTalk.SpecRun.Framework.TestNodeTask.Execute()</pre>
                        </td>
                        <td>Failed in 0.178s</td>
                    </tr>
                    <tr>
                        <td>
                            <pre class="log">When Check created WareHause has</pre>
                        </td>
                        <td>
                            <!-- [TestAct: Scenario - WareHause Create] -->
                            <pre class="log">skipped because of previous errors</pre>
                        </td>
                        <td>Skipped in 0.001s</td>
                    </tr>
                    <tr>
                        <td>
                            <pre class="log">Then the WareHause result should be true</pre>
                        </td>
                        <td>
                            <!-- [TestAssert: Scenario - WareHause Create] -->
                            <pre class="log">skipped because of previous errors</pre>
                        </td>
                        <td>Skipped in 0.002s</td>
                    </tr>
            </table>
	</body>
</html>